This is pdfTeX, Version 3.141592653-2.6-1.40.25 (TeX Live 2023/Debian) (preloaded format=pdflatex 2024.10.1)  2 OCT 2024 11:42
entering extended mode
 restricted \write18 enabled.
 file:line:error style messages enabled.
 %&-line parsing enabled.
**main.tex
(/home/hicham/PycharmProjects/comite-de-suivi/main.tex
LaTeX2e <2023-11-01> patch level 1
L3 programming layer <2024-01-22>
(/usr/share/texlive/texmf-dist/tex/latex/beamer/beamer.cls
Document Class: beamer 2024/01/06 v3.71 A class for typesetting presentations
(/usr/share/texlive/texmf-dist/tex/latex/beamer/beamerbasemodes.sty
(/usr/share/texlive/texmf-dist/tex/latex/etoolbox/etoolbox.sty
Package: etoolbox 2020/10/05 v2.5k e-TeX tools for LaTeX (JAW)
\etb@tempcnta=\count187
)
\beamer@tempbox=\box51
\beamer@tempcount=\count188
\c@beamerpauses=\count189

(/usr/share/texlive/texmf-dist/tex/latex/beamer/beamerbasedecode.sty
\beamer@slideinframe=\count190
\beamer@minimum=\count191
\beamer@decode@box=\box52
)
\beamer@commentbox=\box53
\beamer@modecount=\count192
)
(/usr/share/texlive/texmf-dist/tex/generic/iftex/iftex.sty
Package: iftex 2022/02/03 v1.0f TeX engine tests
)
\headdp=\dimen140
\footheight=\dimen141
\sidebarheight=\dimen142
\beamer@tempdim=\dimen143
\beamer@finalheight=\dimen144
\beamer@animht=\dimen145
\beamer@animdp=\dimen146
\beamer@animwd=\dimen147
\beamer@leftmargin=\dimen148
\beamer@rightmargin=\dimen149
\beamer@leftsidebar=\dimen150
\beamer@rightsidebar=\dimen151
\beamer@boxsize=\dimen152
\beamer@vboxoffset=\dimen153
\beamer@descdefault=\dimen154
\beamer@descriptionwidth=\dimen155
\beamer@lastskip=\skip48
\beamer@areabox=\box54
\beamer@animcurrent=\box55
\beamer@animshowbox=\box56
\beamer@sectionbox=\box57
\beamer@logobox=\box58
\beamer@linebox=\box59
\beamer@sectioncount=\count193
\beamer@subsubsectionmax=\count194
\beamer@subsectionmax=\count195
\beamer@sectionmax=\count196
\beamer@totalheads=\count197
\beamer@headcounter=\count198
\beamer@partstartpage=\count199
\beamer@sectionstartpage=\count266
\beamer@subsectionstartpage=\count267
\beamer@animationtempa=\count268
\beamer@animationtempb=\count269
\beamer@xpos=\count270
\beamer@ypos=\count271
\beamer@ypos@offset=\count272
\beamer@showpartnumber=\count273
\beamer@currentsubsection=\count274
\beamer@coveringdepth=\count275
\beamer@sectionadjust=\count276
\beamer@toclastsection=\count277
\beamer@tocsectionnumber=\count278

(/usr/share/texlive/texmf-dist/tex/latex/beamer/beamerbaseoptions.sty
(/usr/share/texlive/texmf-dist/tex/latex/graphics/keyval.sty
Package: keyval 2022/05/29 v1.15 key=value parser (DPC)
\KV@toks@=\toks17
))
\beamer@paperwidth=\skip49
\beamer@paperheight=\skip50

(/usr/share/texlive/texmf-dist/tex/latex/geometry/geometry.sty
Package: geometry 2020/01/02 v5.9 Page Geometry

(/usr/share/texlive/texmf-dist/tex/generic/iftex/ifvtex.sty
Package: ifvtex 2019/10/25 v1.7 ifvtex legacy package. Use iftex instead.
)
\Gm@cnth=\count279
\Gm@cntv=\count280
\c@Gm@tempcnt=\count281
\Gm@bindingoffset=\dimen156
\Gm@wd@mp=\dimen157
\Gm@odd@mp=\dimen158
\Gm@even@mp=\dimen159
\Gm@layoutwidth=\dimen160
\Gm@layoutheight=\dimen161
\Gm@layouthoffset=\dimen162
\Gm@layoutvoffset=\dimen163
\Gm@dimlist=\toks18
)
(/usr/share/texlive/texmf-dist/tex/latex/pgf/math/pgfmath.sty
(/usr/share/texlive/texmf-dist/tex/latex/pgf/utilities/pgfrcs.sty
(/usr/share/texlive/texmf-dist/tex/generic/pgf/utilities/pgfutil-common.tex
\pgfutil@everybye=\toks19
\pgfutil@tempdima=\dimen164
\pgfutil@tempdimb=\dimen165
)
(/usr/share/texlive/texmf-dist/tex/generic/pgf/utilities/pgfutil-latex.def
\pgfutil@abb=\box60
)
(/usr/share/texlive/texmf-dist/tex/generic/pgf/utilities/pgfrcs.code.tex
(/usr/share/texlive/texmf-dist/tex/generic/pgf/pgf.revision.tex)
Package: pgfrcs 2023-01-15 v3.1.10 (3.1.10)
))
(/usr/share/texlive/texmf-dist/tex/latex/pgf/utilities/pgfkeys.sty
(/usr/share/texlive/texmf-dist/tex/generic/pgf/utilities/pgfkeys.code.tex
\pgfkeys@pathtoks=\toks20
\pgfkeys@temptoks=\toks21

(/usr/share/texlive/texmf-dist/tex/generic/pgf/utilities/pgfkeyslibraryfiltered
.code.tex
\pgfkeys@tmptoks=\toks22
)))
(/usr/share/texlive/texmf-dist/tex/generic/pgf/math/pgfmath.code.tex
(/usr/share/texlive/texmf-dist/tex/generic/pgf/math/pgfmathutil.code.tex
\pgf@x=\dimen166
\pgf@xa=\dimen167
\pgf@xb=\dimen168
\pgf@xc=\dimen169
\pgf@y=\dimen170
\pgf@ya=\dimen171
\pgf@yb=\dimen172
\pgf@yc=\dimen173
\c@pgf@counta=\count282
\c@pgf@countb=\count283
\c@pgf@countc=\count284
\c@pgf@countd=\count285
)
(/usr/share/texlive/texmf-dist/tex/generic/pgf/math/pgfmathparser.code.tex
\pgfmath@dimen=\dimen174
\pgfmath@count=\count286
\pgfmath@box=\box61
\pgfmath@toks=\toks23
\pgfmath@stack@operand=\toks24
\pgfmath@stack@operation=\toks25
)
(/usr/share/texlive/texmf-dist/tex/generic/pgf/math/pgfmathfunctions.code.tex)
(/usr/share/texlive/texmf-dist/tex/generic/pgf/math/pgfmathfunctions.basic.code
.tex)
(/usr/share/texlive/texmf-dist/tex/generic/pgf/math/pgfmathfunctions.trigonomet
ric.code.tex)
(/usr/share/texlive/texmf-dist/tex/generic/pgf/math/pgfmathfunctions.random.cod
e.tex)
(/usr/share/texlive/texmf-dist/tex/generic/pgf/math/pgfmathfunctions.comparison
.code.tex)
(/usr/share/texlive/texmf-dist/tex/generic/pgf/math/pgfmathfunctions.base.code.
tex)
(/usr/share/texlive/texmf-dist/tex/generic/pgf/math/pgfmathfunctions.round.code
.tex)
(/usr/share/texlive/texmf-dist/tex/generic/pgf/math/pgfmathfunctions.misc.code.
tex)
(/usr/share/texlive/texmf-dist/tex/generic/pgf/math/pgfmathfunctions.integerari
thmetics.code.tex)
(/usr/share/texlive/texmf-dist/tex/generic/pgf/math/pgfmathcalc.code.tex)
(/usr/share/texlive/texmf-dist/tex/generic/pgf/math/pgfmathfloat.code.tex
\c@pgfmathroundto@lastzeros=\count287
)))
(/usr/share/texlive/texmf-dist/tex/latex/extsizes/size8.clo
File: size8.clo 1999/11/11 v1.4a NON-Standard LaTeX file (size option)
)
(/usr/share/texlive/texmf-dist/tex/latex/pgf/basiclayer/pgfcore.sty
(/usr/share/texlive/texmf-dist/tex/latex/graphics/graphicx.sty
Package: graphicx 2021/09/16 v1.2d Enhanced LaTeX Graphics (DPC,SPQR)

(/usr/share/texlive/texmf-dist/tex/latex/graphics/graphics.sty
Package: graphics 2022/03/10 v1.4e Standard LaTeX Graphics (DPC,SPQR)

(/usr/share/texlive/texmf-dist/tex/latex/graphics/trig.sty
Package: trig 2021/08/11 v1.11 sin cos tan (DPC)
)
(/usr/share/texlive/texmf-dist/tex/latex/graphics-cfg/graphics.cfg
File: graphics.cfg 2016/06/04 v1.11 sample graphics configuration
)
Package graphics Info: Driver file: pdftex.def on input line 107.

(/usr/share/texlive/texmf-dist/tex/latex/graphics-def/pdftex.def
File: pdftex.def 2022/09/22 v1.2b Graphics/color driver for pdftex
))
\Gin@req@height=\dimen175
\Gin@req@width=\dimen176
)
(/usr/share/texlive/texmf-dist/tex/latex/pgf/systemlayer/pgfsys.sty
(/usr/share/texlive/texmf-dist/tex/generic/pgf/systemlayer/pgfsys.code.tex
Package: pgfsys 2023-01-15 v3.1.10 (3.1.10)
\pgf@x=\dimen177
\pgf@y=\dimen178
\pgf@xa=\dimen179
\pgf@ya=\dimen180
\pgf@xb=\dimen181
\pgf@yb=\dimen182
\pgf@xc=\dimen183
\pgf@yc=\dimen184
\pgf@xd=\dimen185
\pgf@yd=\dimen186
\w@pgf@writea=\write3
\r@pgf@reada=\read2
\c@pgf@counta=\count288
\c@pgf@countb=\count289
\c@pgf@countc=\count290
\c@pgf@countd=\count291
\t@pgf@toka=\toks26
\t@pgf@tokb=\toks27
\t@pgf@tokc=\toks28
\pgf@sys@id@count=\count292

(/usr/share/texlive/texmf-dist/tex/generic/pgf/systemlayer/pgf.cfg
File: pgf.cfg 2023-01-15 v3.1.10 (3.1.10)
)
Driver file for pgf: pgfsys-pdftex.def

(/usr/share/texlive/texmf-dist/tex/generic/pgf/systemlayer/pgfsys-pdftex.def
File: pgfsys-pdftex.def 2023-01-15 v3.1.10 (3.1.10)

(/usr/share/texlive/texmf-dist/tex/generic/pgf/systemlayer/pgfsys-common-pdf.de
f
File: pgfsys-common-pdf.def 2023-01-15 v3.1.10 (3.1.10)
)))
(/usr/share/texlive/texmf-dist/tex/generic/pgf/systemlayer/pgfsyssoftpath.code.
tex
File: pgfsyssoftpath.code.tex 2023-01-15 v3.1.10 (3.1.10)
\pgfsyssoftpath@smallbuffer@items=\count293
\pgfsyssoftpath@bigbuffer@items=\count294
)
(/usr/share/texlive/texmf-dist/tex/generic/pgf/systemlayer/pgfsysprotocol.code.
tex
File: pgfsysprotocol.code.tex 2023-01-15 v3.1.10 (3.1.10)
)) (/usr/share/texlive/texmf-dist/tex/latex/xcolor/xcolor.sty
Package: xcolor 2023/11/15 v3.01 LaTeX color extensions (UK)

(/usr/share/texlive/texmf-dist/tex/latex/graphics-cfg/color.cfg
File: color.cfg 2016/01/02 v1.6 sample color configuration
)
Package xcolor Info: Driver file: pdftex.def on input line 274.

(/usr/share/texlive/texmf-dist/tex/latex/graphics/mathcolor.ltx)
Package xcolor Info: Model `cmy' substituted by `cmy0' on input line 1350.
Package xcolor Info: Model `hsb' substituted by `rgb' on input line 1354.
Package xcolor Info: Model `RGB' extended on input line 1366.
Package xcolor Info: Model `HTML' substituted by `rgb' on input line 1368.
Package xcolor Info: Model `Hsb' substituted by `hsb' on input line 1369.
Package xcolor Info: Model `tHsb' substituted by `hsb' on input line 1370.
Package xcolor Info: Model `HSB' substituted by `hsb' on input line 1371.
Package xcolor Info: Model `Gray' substituted by `gray' on input line 1372.
Package xcolor Info: Model `wave' substituted by `hsb' on input line 1373.
)
(/usr/share/texlive/texmf-dist/tex/latex/colortbl/colortbl.sty
Package: colortbl 2022/06/20 v1.0f Color table columns (DPC)

(/usr/share/texlive/texmf-dist/tex/latex/tools/array.sty
Package: array 2023/10/16 v2.5g Tabular extension package (FMi)
\col@sep=\dimen187
\ar@mcellbox=\box62
\extrarowheight=\dimen188
\NC@list=\toks29
\extratabsurround=\skip51
\backup@length=\skip52
\ar@cellbox=\box63
)
\everycr=\toks30
\minrowclearance=\skip53
\rownum=\count295
)
(/usr/share/texlive/texmf-dist/tex/generic/pgf/basiclayer/pgfcore.code.tex
Package: pgfcore 2023-01-15 v3.1.10 (3.1.10)

(/usr/share/texlive/texmf-dist/tex/generic/pgf/math/pgfint.code.tex)
(/usr/share/texlive/texmf-dist/tex/generic/pgf/basiclayer/pgfcorepoints.code.te
x
File: pgfcorepoints.code.tex 2023-01-15 v3.1.10 (3.1.10)
\pgf@picminx=\dimen189
\pgf@picmaxx=\dimen190
\pgf@picminy=\dimen191
\pgf@picmaxy=\dimen192
\pgf@pathminx=\dimen193
\pgf@pathmaxx=\dimen194
\pgf@pathminy=\dimen195
\pgf@pathmaxy=\dimen196
\pgf@xx=\dimen197
\pgf@xy=\dimen198
\pgf@yx=\dimen199
\pgf@yy=\dimen256
\pgf@zx=\dimen257
\pgf@zy=\dimen258
)
(/usr/share/texlive/texmf-dist/tex/generic/pgf/basiclayer/pgfcorepathconstruct.
code.tex
File: pgfcorepathconstruct.code.tex 2023-01-15 v3.1.10 (3.1.10)
\pgf@path@lastx=\dimen259
\pgf@path@lasty=\dimen260
)
(/usr/share/texlive/texmf-dist/tex/generic/pgf/basiclayer/pgfcorepathusage.code
.tex
File: pgfcorepathusage.code.tex 2023-01-15 v3.1.10 (3.1.10)
\pgf@shorten@end@additional=\dimen261
\pgf@shorten@start@additional=\dimen262
)
(/usr/share/texlive/texmf-dist/tex/generic/pgf/basiclayer/pgfcorescopes.code.te
x
File: pgfcorescopes.code.tex 2023-01-15 v3.1.10 (3.1.10)
\pgfpic=\box64
\pgf@hbox=\box65
\pgf@layerbox@main=\box66
\pgf@picture@serial@count=\count296
)
(/usr/share/texlive/texmf-dist/tex/generic/pgf/basiclayer/pgfcoregraphicstate.c
ode.tex
File: pgfcoregraphicstate.code.tex 2023-01-15 v3.1.10 (3.1.10)
\pgflinewidth=\dimen263
)
(/usr/share/texlive/texmf-dist/tex/generic/pgf/basiclayer/pgfcoretransformation
s.code.tex
File: pgfcoretransformations.code.tex 2023-01-15 v3.1.10 (3.1.10)
\pgf@pt@x=\dimen264
\pgf@pt@y=\dimen265
\pgf@pt@temp=\dimen266
)
(/usr/share/texlive/texmf-dist/tex/generic/pgf/basiclayer/pgfcorequick.code.tex
File: pgfcorequick.code.tex 2023-01-15 v3.1.10 (3.1.10)
)
(/usr/share/texlive/texmf-dist/tex/generic/pgf/basiclayer/pgfcoreobjects.code.t
ex
File: pgfcoreobjects.code.tex 2023-01-15 v3.1.10 (3.1.10)
)
(/usr/share/texlive/texmf-dist/tex/generic/pgf/basiclayer/pgfcorepathprocessing
.code.tex
File: pgfcorepathprocessing.code.tex 2023-01-15 v3.1.10 (3.1.10)
)
(/usr/share/texlive/texmf-dist/tex/generic/pgf/basiclayer/pgfcorearrows.code.te
x
File: pgfcorearrows.code.tex 2023-01-15 v3.1.10 (3.1.10)
\pgfarrowsep=\dimen267
)
(/usr/share/texlive/texmf-dist/tex/generic/pgf/basiclayer/pgfcoreshade.code.tex
File: pgfcoreshade.code.tex 2023-01-15 v3.1.10 (3.1.10)
\pgf@max=\dimen268
\pgf@sys@shading@range@num=\count297
\pgf@shadingcount=\count298
)
(/usr/share/texlive/texmf-dist/tex/generic/pgf/basiclayer/pgfcoreimage.code.tex
File: pgfcoreimage.code.tex 2023-01-15 v3.1.10 (3.1.10)
)
(/usr/share/texlive/texmf-dist/tex/generic/pgf/basiclayer/pgfcoreexternal.code.
tex
File: pgfcoreexternal.code.tex 2023-01-15 v3.1.10 (3.1.10)
\pgfexternal@startupbox=\box67
)
(/usr/share/texlive/texmf-dist/tex/generic/pgf/basiclayer/pgfcorelayers.code.te
x
File: pgfcorelayers.code.tex 2023-01-15 v3.1.10 (3.1.10)
)
(/usr/share/texlive/texmf-dist/tex/generic/pgf/basiclayer/pgfcoretransparency.c
ode.tex
File: pgfcoretransparency.code.tex 2023-01-15 v3.1.10 (3.1.10)
)
(/usr/share/texlive/texmf-dist/tex/generic/pgf/basiclayer/pgfcorepatterns.code.
tex
File: pgfcorepatterns.code.tex 2023-01-15 v3.1.10 (3.1.10)
)
(/usr/share/texlive/texmf-dist/tex/generic/pgf/basiclayer/pgfcorerdf.code.tex
File: pgfcorerdf.code.tex 2023-01-15 v3.1.10 (3.1.10)
))) (/usr/share/texlive/texmf-dist/tex/latex/pgf/utilities/xxcolor.sty
Package: xxcolor 2003/10/24 ver 0.1
\XC@nummixins=\count299
\XC@countmixins=\count300
)
(/usr/share/texlive/texmf-dist/tex/latex/base/atbegshi-ltx.sty
Package: atbegshi-ltx 2021/01/10 v1.0c Emulation of the original atbegshi
package with kernel methods
)
(/usr/share/texlive/texmf-dist/tex/latex/hyperref/hyperref.sty
Package: hyperref 2024-01-20 v7.01h Hypertext links for LaTeX

(/usr/share/texlive/texmf-dist/tex/latex/kvsetkeys/kvsetkeys.sty
Package: kvsetkeys 2022-10-05 v1.19 Key value parser (HO)
)
(/usr/share/texlive/texmf-dist/tex/generic/kvdefinekeys/kvdefinekeys.sty
Package: kvdefinekeys 2019-12-19 v1.6 Define keys (HO)
)
(/usr/share/texlive/texmf-dist/tex/generic/pdfescape/pdfescape.sty
Package: pdfescape 2019/12/09 v1.15 Implements pdfTeX's escape features (HO)

(/usr/share/texlive/texmf-dist/tex/generic/ltxcmds/ltxcmds.sty
Package: ltxcmds 2023-12-04 v1.26 LaTeX kernel commands for general use (HO)
)
(/usr/share/texlive/texmf-dist/tex/generic/pdftexcmds/pdftexcmds.sty
Package: pdftexcmds 2020-06-27 v0.33 Utility functions of pdfTeX for LuaTeX (HO
)

(/usr/share/texlive/texmf-dist/tex/generic/infwarerr/infwarerr.sty
Package: infwarerr 2019/12/03 v1.5 Providing info/warning/error messages (HO)
)
Package pdftexcmds Info: \pdf@primitive is available.
Package pdftexcmds Info: \pdf@ifprimitive is available.
Package pdftexcmds Info: \pdfdraftmode found.
))
(/usr/share/texlive/texmf-dist/tex/latex/hycolor/hycolor.sty
Package: hycolor 2020-01-27 v1.10 Color options for hyperref/bookmark (HO)
)
(/usr/share/texlive/texmf-dist/tex/latex/auxhook/auxhook.sty
Package: auxhook 2019-12-17 v1.6 Hooks for auxiliary files (HO)
)
(/usr/share/texlive/texmf-dist/tex/latex/hyperref/nameref.sty
Package: nameref 2023-11-26 v2.56 Cross-referencing by name of section

(/usr/share/texlive/texmf-dist/tex/latex/refcount/refcount.sty
Package: refcount 2019/12/15 v3.6 Data extraction from label references (HO)
)
(/usr/share/texlive/texmf-dist/tex/generic/gettitlestring/gettitlestring.sty
Package: gettitlestring 2019/12/15 v1.6 Cleanup title references (HO)

(/usr/share/texlive/texmf-dist/tex/latex/kvoptions/kvoptions.sty
Package: kvoptions 2022-06-15 v3.15 Key value format for package options (HO)
))
\c@section@level=\count301
)
\@linkdim=\dimen269
\Hy@linkcounter=\count302
\Hy@pagecounter=\count303

(/usr/share/texlive/texmf-dist/tex/latex/hyperref/pd1enc.def
File: pd1enc.def 2024-01-20 v7.01h Hyperref: PDFDocEncoding definition (HO)
Now handling font encoding PD1 ...
... no UTF-8 mapping file for font encoding PD1
)
(/usr/share/texlive/texmf-dist/tex/generic/intcalc/intcalc.sty
Package: intcalc 2019/12/15 v1.3 Expandable calculations with integers (HO)
)
\Hy@SavedSpaceFactor=\count304

(/usr/share/texlive/texmf-dist/tex/latex/hyperref/puenc.def
File: puenc.def 2024-01-20 v7.01h Hyperref: PDF Unicode definition (HO)
Now handling font encoding PU ...
... no UTF-8 mapping file for font encoding PU
)
Package hyperref Info: Option `bookmarks' set `true' on input line 4062.
Package hyperref Info: Option `bookmarksopen' set `true' on input line 4062.
Package hyperref Info: Option `implicit' set `false' on input line 4062.
Package hyperref Info: Hyper figures OFF on input line 4179.
Package hyperref Info: Link nesting OFF on input line 4184.
Package hyperref Info: Hyper index ON on input line 4187.
Package hyperref Info: Plain pages OFF on input line 4194.
Package hyperref Info: Backreferencing OFF on input line 4199.
Package hyperref Info: Implicit mode OFF; no redefinition of LaTeX internals.
Package hyperref Info: Bookmarks ON on input line 4446.
\c@Hy@tempcnt=\count305

(/usr/share/texlive/texmf-dist/tex/latex/url/url.sty
\Urlmuskip=\muskip16
Package: url 2013/09/16  ver 3.4  Verb mode for urls, etc.
)
LaTeX Info: Redefining \url on input line 4784.
\XeTeXLinkMargin=\dimen270

(/usr/share/texlive/texmf-dist/tex/generic/bitset/bitset.sty
Package: bitset 2019/12/09 v1.3 Handle bit-vector datatype (HO)

(/usr/share/texlive/texmf-dist/tex/generic/bigintcalc/bigintcalc.sty
Package: bigintcalc 2019/12/15 v1.5 Expandable calculations on big integers (HO
)
))
\Fld@menulength=\count306
\Field@Width=\dimen271
\Fld@charsize=\dimen272
Package hyperref Info: Hyper figures OFF on input line 6063.
Package hyperref Info: Link nesting OFF on input line 6068.
Package hyperref Info: Hyper index ON on input line 6071.
Package hyperref Info: backreferencing OFF on input line 6078.
Package hyperref Info: Link coloring OFF on input line 6083.
Package hyperref Info: Link coloring with OCG OFF on input line 6088.
Package hyperref Info: PDF/A mode OFF on input line 6093.
\Hy@abspage=\count307


Package hyperref Message: Stopped early.

)
Package hyperref Info: Driver (autodetected): hpdftex.
 (/usr/share/texlive/texmf-dist/tex/latex/hyperref/hpdftex.def
File: hpdftex.def 2024-01-20 v7.01h Hyperref driver for pdfTeX

(/usr/share/texlive/texmf-dist/tex/latex/base/atveryend-ltx.sty
Package: atveryend-ltx 2020/08/19 v1.0a Emulation of the original atveryend pac
kage
with kernel methods
)
\Fld@listcount=\count308
\c@bookmark@seq@number=\count309

(/usr/share/texlive/texmf-dist/tex/latex/rerunfilecheck/rerunfilecheck.sty
Package: rerunfilecheck 2022-07-10 v1.10 Rerun checks for auxiliary files (HO)

(/usr/share/texlive/texmf-dist/tex/generic/uniquecounter/uniquecounter.sty
Package: uniquecounter 2019/12/15 v1.4 Provide unlimited unique counter (HO)
)
Package uniquecounter Info: New unique counter `rerunfilecheck' on input line 2
85.
))
(/usr/share/texlive/texmf-dist/tex/latex/beamer/beamerbaserequires.sty
(/usr/share/texlive/texmf-dist/tex/latex/beamer/beamerbasecompatibility.sty)
(/usr/share/texlive/texmf-dist/tex/latex/beamer/beamerbasefont.sty
(/usr/share/texlive/texmf-dist/tex/latex/amsfonts/amssymb.sty
Package: amssymb 2013/01/14 v3.01 AMS font symbols

(/usr/share/texlive/texmf-dist/tex/latex/amsfonts/amsfonts.sty
Package: amsfonts 2013/01/14 v3.01 Basic AMSFonts support
\@emptytoks=\toks31
\symAMSa=\mathgroup4
\symAMSb=\mathgroup5
LaTeX Font Info:    Redeclaring math symbol \hbar on input line 98.
LaTeX Font Info:    Overwriting math alphabet `\mathfrak' in version `bold'
(Font)                  U/euf/m/n --> U/euf/b/n on input line 106.
))
(/usr/share/texlive/texmf-dist/tex/latex/sansmathaccent/sansmathaccent.sty
Package: sansmathaccent 2020/01/31

(/usr/share/texlive/texmf-dist/tex/latex/koma-script/scrlfile.sty
Package: scrlfile 2023/07/07 v3.41 KOMA-Script package (file load hooks)

(/usr/share/texlive/texmf-dist/tex/latex/koma-script/scrlfile-hook.sty
Package: scrlfile-hook 2023/07/07 v3.41 KOMA-Script package (using LaTeX hooks)


(/usr/share/texlive/texmf-dist/tex/latex/koma-script/scrlogo.sty
Package: scrlogo 2023/07/07 v3.41 KOMA-Script package (logo)
)))))
(/usr/share/texlive/texmf-dist/tex/latex/beamer/beamerbasetranslator.sty
(/usr/share/texlive/texmf-dist/tex/latex/translator/translator.sty
Package: translator 2021-05-31 v1.12d Easy translation of strings in LaTeX
))
(/usr/share/texlive/texmf-dist/tex/latex/beamer/beamerbasemisc.sty)
(/usr/share/texlive/texmf-dist/tex/latex/beamer/beamerbasetwoscreens.sty)
(/usr/share/texlive/texmf-dist/tex/latex/beamer/beamerbaseoverlay.sty
\beamer@argscount=\count310
\beamer@lastskipcover=\skip54
\beamer@trivlistdepth=\count311
)
(/usr/share/texlive/texmf-dist/tex/latex/beamer/beamerbasetitle.sty)
(/usr/share/texlive/texmf-dist/tex/latex/beamer/beamerbasesection.sty
\c@lecture=\count312
\c@part=\count313
\c@section=\count314
\c@subsection=\count315
\c@subsubsection=\count316
)
(/usr/share/texlive/texmf-dist/tex/latex/beamer/beamerbaseframe.sty
\beamer@framebox=\box68
\beamer@frametitlebox=\box69
\beamer@zoombox=\box70
\beamer@zoomcount=\count317
\beamer@zoomframecount=\count318
\beamer@frametextheight=\dimen273
\c@subsectionslide=\count319
\beamer@frametopskip=\skip55
\beamer@framebottomskip=\skip56
\beamer@frametopskipautobreak=\skip57
\beamer@framebottomskipautobreak=\skip58
\beamer@envbody=\toks32
\framewidth=\dimen274
\c@framenumber=\count320
)
(/usr/share/texlive/texmf-dist/tex/latex/beamer/beamerbaseverbatim.sty
\beamer@verbatimfileout=\write4
)
(/usr/share/texlive/texmf-dist/tex/latex/beamer/beamerbaseframesize.sty
\beamer@splitbox=\box71
\beamer@autobreakcount=\count321
\beamer@autobreaklastheight=\dimen275
\beamer@frametitletoks=\toks33
\beamer@framesubtitletoks=\toks34
)
(/usr/share/texlive/texmf-dist/tex/latex/beamer/beamerbaseframecomponents.sty
\beamer@footins=\box72
)
(/usr/share/texlive/texmf-dist/tex/latex/beamer/beamerbasecolor.sty)
(/usr/share/texlive/texmf-dist/tex/latex/beamer/beamerbasenotes.sty
\beamer@frameboxcopy=\box73
)
(/usr/share/texlive/texmf-dist/tex/latex/beamer/beamerbasetoc.sty)
(/usr/share/texlive/texmf-dist/tex/latex/beamer/beamerbasetemplates.sty
\beamer@sbttoks=\toks35

(/usr/share/texlive/texmf-dist/tex/latex/beamer/beamerbaseauxtemplates.sty
(/usr/share/texlive/texmf-dist/tex/latex/beamer/beamerbaseboxes.sty
\bmb@box=\box74
\bmb@colorbox=\box75
\bmb@boxwidth=\dimen276
\bmb@boxheight=\dimen277
\bmb@prevheight=\dimen278
\bmb@temp=\dimen279
\bmb@dima=\dimen280
\bmb@dimb=\dimen281
\bmb@prevheight=\dimen282
)
\beamer@blockheadheight=\dimen283
))
(/usr/share/texlive/texmf-dist/tex/latex/beamer/beamerbaselocalstructure.sty
(/usr/share/texlive/texmf-dist/tex/latex/tools/enumerate.sty
Package: enumerate 2023/07/04 v3.00 enumerate extensions (DPC)
\@enLab=\toks36
)
\beamer@bibiconwidth=\skip59
\c@figure=\count322
\c@table=\count323
\abovecaptionskip=\skip60
\belowcaptionskip=\skip61
)
(/usr/share/texlive/texmf-dist/tex/latex/beamer/beamerbasenavigation.sty
(/usr/share/texlive/texmf-dist/tex/latex/beamer/beamerbasenavigationsymbols.tex
)
\beamer@section@min@dim=\dimen284
) (/usr/share/texlive/texmf-dist/tex/latex/beamer/beamerbasetheorems.sty
(/usr/share/texlive/texmf-dist/tex/latex/amsmath/amsmath.sty
Package: amsmath 2023/05/13 v2.17o AMS math features
\@mathmargin=\skip62

For additional information on amsmath, use the `?' option.
(/usr/share/texlive/texmf-dist/tex/latex/amsmath/amstext.sty
Package: amstext 2021/08/26 v2.01 AMS text

(/usr/share/texlive/texmf-dist/tex/latex/amsmath/amsgen.sty
File: amsgen.sty 1999/11/30 v2.0 generic functions
\@emptytoks=\toks37
\ex@=\dimen285
))
(/usr/share/texlive/texmf-dist/tex/latex/amsmath/amsbsy.sty
Package: amsbsy 1999/11/29 v1.2d Bold Symbols
\pmbraise@=\dimen286
)
(/usr/share/texlive/texmf-dist/tex/latex/amsmath/amsopn.sty
Package: amsopn 2022/04/08 v2.04 operator names
)
\inf@bad=\count324
LaTeX Info: Redefining \frac on input line 234.
\uproot@=\count325
\leftroot@=\count326
LaTeX Info: Redefining \overline on input line 399.
LaTeX Info: Redefining \colon on input line 410.
\classnum@=\count327
\DOTSCASE@=\count328
LaTeX Info: Redefining \ldots on input line 496.
LaTeX Info: Redefining \dots on input line 499.
LaTeX Info: Redefining \cdots on input line 620.
\Mathstrutbox@=\box76
\strutbox@=\box77
LaTeX Info: Redefining \big on input line 722.
LaTeX Info: Redefining \Big on input line 723.
LaTeX Info: Redefining \bigg on input line 724.
LaTeX Info: Redefining \Bigg on input line 725.
\big@size=\dimen287
LaTeX Font Info:    Redeclaring font encoding OML on input line 743.
LaTeX Font Info:    Redeclaring font encoding OMS on input line 744.
\macc@depth=\count329
LaTeX Info: Redefining \bmod on input line 905.
LaTeX Info: Redefining \pmod on input line 910.
LaTeX Info: Redefining \smash on input line 940.
LaTeX Info: Redefining \relbar on input line 970.
LaTeX Info: Redefining \Relbar on input line 971.
\c@MaxMatrixCols=\count330
\dotsspace@=\muskip17
\c@parentequation=\count331
\dspbrk@lvl=\count332
\tag@help=\toks38
\row@=\count333
\column@=\count334
\maxfields@=\count335
\andhelp@=\toks39
\eqnshift@=\dimen288
\alignsep@=\dimen289
\tagshift@=\dimen290
\tagwidth@=\dimen291
\totwidth@=\dimen292
\lineht@=\dimen293
\@envbody=\toks40
\multlinegap=\skip63
\multlinetaggap=\skip64
\mathdisplay@stack=\toks41
LaTeX Info: Redefining \[ on input line 2953.
LaTeX Info: Redefining \] on input line 2954.
)
(/usr/share/texlive/texmf-dist/tex/latex/amscls/amsthm.sty
Package: amsthm 2020/05/29 v2.20.6
\thm@style=\toks42
\thm@bodyfont=\toks43
\thm@headfont=\toks44
\thm@notefont=\toks45
\thm@headpunct=\toks46
\thm@preskip=\skip65
\thm@postskip=\skip66
\thm@headsep=\skip67
\dth@everypar=\toks47
)
\c@theorem=\count336
)
(/usr/share/texlive/texmf-dist/tex/latex/beamer/beamerbasethemes.sty))
(/usr/share/texlive/texmf-dist/tex/latex/beamer/beamerthemedefault.sty
(/usr/share/texlive/texmf-dist/tex/latex/beamer/beamerfontthemedefault.sty)
(/usr/share/texlive/texmf-dist/tex/latex/beamer/beamercolorthemedefault.sty)
(/usr/share/texlive/texmf-dist/tex/latex/beamer/beamerinnerthemedefault.sty
\beamer@dima=\dimen294
\beamer@dimb=\dimen295
)
(/usr/share/texlive/texmf-dist/tex/latex/beamer/beamerouterthemedefault.sty)))
(/usr/share/texlive/texmf-dist/tex/latex/beamertheme-metropolis/beamerthememetr
opolis.sty
Package: beamerthememetropolis 2017/01/23 v1.2 Metropolis Beamer theme
 (/usr/share/texlive/texmf-dist/tex/latex/pgfopts/pgfopts.sty
Package: pgfopts 2014/07/10 v2.1a LaTeX package options with pgfkeys
\pgfopts@list@add@a@toks=\toks48
\pgfopts@list@add@b@toks=\toks49
)
(/usr/share/texlive/texmf-dist/tex/latex/beamertheme-metropolis/beamerinnerthem
emetropolis.sty
Package: beamerinnerthememetropolis 2017/01/23 Metropolis inner theme
 (/usr/share/texlive/texmf-dist/tex/latex/tools/calc.sty
Package: calc 2023/07/08 v4.3 Infix arithmetic (KKT,FJ)
\calc@Acount=\count337
\calc@Bcount=\count338
\calc@Adimen=\dimen296
\calc@Bdimen=\dimen297
\calc@Askip=\skip68
\calc@Bskip=\skip69
LaTeX Info: Redefining \setlength on input line 80.
LaTeX Info: Redefining \addtolength on input line 81.
\calc@Ccount=\count339
\calc@Cskip=\skip70
)
(/usr/share/texlive/texmf-dist/tex/latex/pgf/frontendlayer/tikz.sty
(/usr/share/texlive/texmf-dist/tex/latex/pgf/basiclayer/pgf.sty
Package: pgf 2023-01-15 v3.1.10 (3.1.10)

(/usr/share/texlive/texmf-dist/tex/generic/pgf/modules/pgfmoduleshapes.code.tex
File: pgfmoduleshapes.code.tex 2023-01-15 v3.1.10 (3.1.10)
\pgfnodeparttextbox=\box78
) (/usr/share/texlive/texmf-dist/tex/generic/pgf/modules/pgfmoduleplot.code.tex
File: pgfmoduleplot.code.tex 2023-01-15 v3.1.10 (3.1.10)
)
(/usr/share/texlive/texmf-dist/tex/latex/pgf/compatibility/pgfcomp-version-0-65
.sty
Package: pgfcomp-version-0-65 2023-01-15 v3.1.10 (3.1.10)
\pgf@nodesepstart=\dimen298
\pgf@nodesepend=\dimen299
)
(/usr/share/texlive/texmf-dist/tex/latex/pgf/compatibility/pgfcomp-version-1-18
.sty
Package: pgfcomp-version-1-18 2023-01-15 v3.1.10 (3.1.10)
)) (/usr/share/texlive/texmf-dist/tex/latex/pgf/utilities/pgffor.sty
(/usr/share/texlive/texmf-dist/tex/generic/pgf/utilities/pgffor.code.tex
Package: pgffor 2023-01-15 v3.1.10 (3.1.10)
\pgffor@iter=\dimen300
\pgffor@skip=\dimen301
\pgffor@stack=\toks50
\pgffor@toks=\toks51
))
(/usr/share/texlive/texmf-dist/tex/generic/pgf/frontendlayer/tikz/tikz.code.tex
Package: tikz 2023-01-15 v3.1.10 (3.1.10)

(/usr/share/texlive/texmf-dist/tex/generic/pgf/libraries/pgflibraryplothandlers
.code.tex
File: pgflibraryplothandlers.code.tex 2023-01-15 v3.1.10 (3.1.10)
\pgf@plot@mark@count=\count340
\pgfplotmarksize=\dimen302
)
\tikz@lastx=\dimen303
\tikz@lasty=\dimen304
\tikz@lastxsaved=\dimen305
\tikz@lastysaved=\dimen306
\tikz@lastmovetox=\dimen307
\tikz@lastmovetoy=\dimen308
\tikzleveldistance=\dimen309
\tikzsiblingdistance=\dimen310
\tikz@figbox=\box79
\tikz@figbox@bg=\box80
\tikz@tempbox=\box81
\tikz@tempbox@bg=\box82
\tikztreelevel=\count341
\tikznumberofchildren=\count342
\tikznumberofcurrentchild=\count343
\tikz@fig@count=\count344

(/usr/share/texlive/texmf-dist/tex/generic/pgf/modules/pgfmodulematrix.code.tex
File: pgfmodulematrix.code.tex 2023-01-15 v3.1.10 (3.1.10)
\pgfmatrixcurrentrow=\count345
\pgfmatrixcurrentcolumn=\count346
\pgf@matrix@numberofcolumns=\count347
)
\tikz@expandcount=\count348

(/usr/share/texlive/texmf-dist/tex/generic/pgf/frontendlayer/tikz/libraries/tik
zlibrarytopaths.code.tex
File: tikzlibrarytopaths.code.tex 2023-01-15 v3.1.10 (3.1.10)
)))
\metropolis@titleseparator@linewidth=\skip71
\metropolis@progressonsectionpage=\skip72
\metropolis@progressonsectionpage@linewidth=\skip73
\metropolis@blocksep=\skip74
\metropolis@blockadjust=\skip75
\metropolis@parskip=\skip76
)
(/usr/share/texlive/texmf-dist/tex/latex/beamertheme-metropolis/beamerouterthem
emetropolis.sty
Package: beamerouterthememetropolis 2017/01/23 Metropolis outer theme
\metropolis@frametitle@padding=\skip77
\metropolis@progressinheadfoot=\skip78
\metropolis@progressinheadfoot@linewidth=\skip79
)
(/usr/share/texlive/texmf-dist/tex/latex/beamertheme-metropolis/beamercolorthem
emetropolis.sty
Package: beamercolorthememetropolis 2017/01/23 Metropolis color theme
)
(/usr/share/texlive/texmf-dist/tex/latex/beamertheme-metropolis/beamerfonttheme
metropolis.sty
Package: beamerfontthememetropolis 2017/01/23 Metropolis font theme
 (/usr/share/texlive/texmf-dist/tex/generic/iftex/ifxetex.sty
Package: ifxetex 2019/10/25 v0.7 ifxetex legacy package. Use iftex instead.
)
(/usr/share/texlive/texmf-dist/tex/generic/iftex/ifluatex.sty
Package: ifluatex 2019/10/25 v1.5 ifluatex legacy package. Use iftex instead.
)

Package beamerthememetropolis Warning: You need to compile with XeLaTeX or LuaL
aTeX to use the Fira fonts on input line 95.

)) (/usr/share/texlive/texmf-dist/tex/latex/psnfss/pifont.sty
Package: pifont 2020/03/25 PSNFSS-v9.3 Pi font support (SPQR) 
LaTeX Font Info:    Trying to load font information for U+pzd on input line 63.


(/usr/share/texlive/texmf-dist/tex/latex/psnfss/upzd.fd
File: upzd.fd 2001/06/04 font definitions for U/pzd.
)
LaTeX Font Info:    Trying to load font information for U+psy on input line 64.


(/usr/share/texlive/texmf-dist/tex/latex/psnfss/upsy.fd
File: upsy.fd 2001/06/04 font definitions for U/psy.
))
(/usr/share/texlive/texmf-dist/tex/latex/booktabs/booktabs.sty
Package: booktabs 2020/01/12 v1.61803398 Publication quality tables
\heavyrulewidth=\dimen311
\lightrulewidth=\dimen312
\cmidrulewidth=\dimen313
\belowrulesep=\dimen314
\belowbottomsep=\dimen315
\aboverulesep=\dimen316
\abovetopsep=\dimen317
\cmidrulesep=\dimen318
\cmidrulekern=\dimen319
\defaultaddspace=\dimen320
\@cmidla=\count349
\@cmidlb=\count350
\@aboverulesep=\dimen321
\@belowrulesep=\dimen322
\@thisruleclass=\count351
\@lastruleclass=\count352
\@thisrulewidth=\dimen323
)
(/usr/share/texlive/texmf-dist/tex/latex/appendixnumberbeamer/appendixnumberbea
mer.sty) (/usr/share/texlive/texmf-dist/tex/latex/caption/caption.sty
Package: caption 2023/08/05 v3.6o Customizing captions (AR)

(/usr/share/texlive/texmf-dist/tex/latex/caption/caption3.sty
Package: caption3 2023/07/31 v2.4d caption3 kernel (AR)
\caption@tempdima=\dimen324
\captionmargin=\dimen325
\caption@leftmargin=\dimen326
\caption@rightmargin=\dimen327
\caption@width=\dimen328
\caption@indent=\dimen329
\caption@parindent=\dimen330
\caption@hangindent=\dimen331
Package caption Info: beamer document class detected.

(/usr/share/texlive/texmf-dist/tex/latex/caption/caption-beamer.sto
File: caption-beamer.sto 2022/01/06 v2.0c Adaption of the caption package to th
e beamer document classes (AR)
))
\c@caption@flags=\count353
\c@continuedfloat=\count354
Package caption Info: hyperref package is loaded.
Package caption Info: Hyperref support is turned off
(caption)             because hyperref has stopped early.
)
(/usr/share/texlive/texmf-dist/tex/latex/caption/subcaption.sty
Package: subcaption 2023/07/28 v1.6b Sub-captions (AR)
Package caption Info: New subtype `subfigure' on input line 238.
\c@subfigure=\count355
Package caption Info: New subtype `subtable' on input line 238.
\c@subtable=\count356
)
(/usr/share/texlive/texmf-dist/tex/latex/multirow/multirow.sty
Package: multirow 2021/03/15 v2.8 Span multiple rows of a table
\multirow@colwidth=\skip80
\multirow@cntb=\count357
\multirow@dima=\skip81
\bigstrutjot=\dimen332
)
(/usr/share/texlive/texmf-dist/tex/latex/biblatex/biblatex.sty
Package: biblatex 2023/03/05 v3.19 programmable bibliographies (PK/MW)

(/usr/share/texlive/texmf-dist/tex/latex/logreq/logreq.sty
Package: logreq 2010/08/04 v1.0 xml request logger
\lrq@indent=\count358

(/usr/share/texlive/texmf-dist/tex/latex/logreq/logreq.def
File: logreq.def 2010/08/04 v1.0 logreq spec v1.0
))
(/usr/share/texlive/texmf-dist/tex/latex/base/ifthen.sty
Package: ifthen 2022/04/13 v1.1d Standard LaTeX ifthen package (DPC)
)
\c@tabx@nest=\count359
\c@listtotal=\count360
\c@listcount=\count361
\c@liststart=\count362
\c@liststop=\count363
\c@citecount=\count364
\c@citetotal=\count365
\c@multicitecount=\count366
\c@multicitetotal=\count367
\c@instcount=\count368
\c@maxnames=\count369
\c@minnames=\count370
\c@maxitems=\count371
\c@minitems=\count372
\c@citecounter=\count373
\c@maxcitecounter=\count374
\c@savedcitecounter=\count375
\c@uniquelist=\count376
\c@uniquename=\count377
\c@refsection=\count378
\c@refsegment=\count379
\c@maxextratitle=\count380
\c@maxextratitleyear=\count381
\c@maxextraname=\count382
\c@maxextradate=\count383
\c@maxextraalpha=\count384
\c@abbrvpenalty=\count385
\c@highnamepenalty=\count386
\c@lownamepenalty=\count387
\c@maxparens=\count388
\c@parenlevel=\count389
\blx@tempcnta=\count390
\blx@tempcntb=\count391
\blx@tempcntc=\count392
\c@blx@maxsection=\count393
\blx@maxsegment@0=\count394
\blx@notetype=\count395
\blx@parenlevel@text=\count396
\blx@parenlevel@foot=\count397
\blx@sectionciteorder@0=\count398
\blx@sectionciteorderinternal@0=\count399
\blx@entrysetcounter=\count400
\blx@biblioinstance=\count401
\labelnumberwidth=\skip82
\labelalphawidth=\skip83
\biblabelsep=\skip84
\bibitemsep=\skip85
\bibnamesep=\skip86
\bibinitsep=\skip87
\bibparsep=\skip88
\bibhang=\skip89
\blx@bcfin=\read3
\blx@bcfout=\write5
\blx@langwohyphens=\language89
\c@mincomprange=\count402
\c@maxcomprange=\count403
\c@mincompwidth=\count404
Package biblatex Info: Trying to load biblatex default data model...
Package biblatex Info: ... file 'blx-dm.def' found.

(/usr/share/texlive/texmf-dist/tex/latex/biblatex/blx-dm.def
File: blx-dm.def 2023/03/05 v3.19 biblatex localization (PK/MW)
)
Package biblatex Info: Trying to load biblatex style data model...
Package biblatex Info: ... file 'authoryear.dbx' not found.
Package biblatex Info: Trying to load biblatex custom data model...
Package biblatex Info: ... file 'biblatex-dm.cfg' not found.
\c@afterword=\count405
\c@savedafterword=\count406
\c@annotator=\count407
\c@savedannotator=\count408
\c@author=\count409
\c@savedauthor=\count410
\c@bookauthor=\count411
\c@savedbookauthor=\count412
\c@commentator=\count413
\c@savedcommentator=\count414
\c@editor=\count415
\c@savededitor=\count416
\c@editora=\count417
\c@savededitora=\count418
\c@editorb=\count419
\c@savededitorb=\count420
\c@editorc=\count421
\c@savededitorc=\count422
\c@foreword=\count423
\c@savedforeword=\count424
\c@holder=\count425
\c@savedholder=\count426
\c@introduction=\count427
\c@savedintroduction=\count428
\c@namea=\count429
\c@savednamea=\count430
\c@nameb=\count431
\c@savednameb=\count432
\c@namec=\count433
\c@savednamec=\count434
\c@translator=\count435
\c@savedtranslator=\count436
\c@shortauthor=\count437
\c@savedshortauthor=\count438
\c@shorteditor=\count439
\c@savedshorteditor=\count440
\c@labelname=\count441
\c@savedlabelname=\count442
\c@institution=\count443
\c@savedinstitution=\count444
\c@lista=\count445
\c@savedlista=\count446
\c@listb=\count447
\c@savedlistb=\count448
\c@listc=\count449
\c@savedlistc=\count450
\c@listd=\count451
\c@savedlistd=\count452
\c@liste=\count453
\c@savedliste=\count454
\c@listf=\count455
\c@savedlistf=\count456
\c@location=\count457
\c@savedlocation=\count458
\c@organization=\count459
\c@savedorganization=\count460
\c@origlocation=\count461
\c@savedoriglocation=\count462
\c@origpublisher=\count463
\c@savedorigpublisher=\count464
\c@publisher=\count465
\c@savedpublisher=\count466
\c@language=\count467
\c@savedlanguage=\count468
\c@origlanguage=\count469
\c@savedoriglanguage=\count470
\c@pageref=\count471
\c@savedpageref=\count472
\shorthandwidth=\skip90
\shortjournalwidth=\skip91
\shortserieswidth=\skip92
\shorttitlewidth=\skip93
\shortauthorwidth=\skip94
\shorteditorwidth=\skip95
\locallabelnumberwidth=\skip96
\locallabelalphawidth=\skip97
\localshorthandwidth=\skip98
\localshortjournalwidth=\skip99
\localshortserieswidth=\skip100
\localshorttitlewidth=\skip101
\localshortauthorwidth=\skip102
\localshorteditorwidth=\skip103
Package biblatex Info: Trying to load compatibility code...
Package biblatex Info: ... file 'blx-compat.def' found.

(/usr/share/texlive/texmf-dist/tex/latex/biblatex/blx-compat.def
File: blx-compat.def 2023/03/05 v3.19 biblatex compatibility (PK/MW)
)
Package biblatex Info: Trying to load generic definitions...
Package biblatex Info: ... file 'biblatex.def' found.

(/usr/share/texlive/texmf-dist/tex/latex/biblatex/biblatex.def
File: biblatex.def 2023/03/05 v3.19 biblatex compatibility (PK/MW)
\c@textcitecount=\count473
\c@textcitetotal=\count474
\c@textcitemaxnames=\count475
\c@biburlbigbreakpenalty=\count476
\c@biburlbreakpenalty=\count477
\c@biburlnumpenalty=\count478
\c@biburlucpenalty=\count479
\c@biburllcpenalty=\count480
\biburlbigskip=\muskip18
\biburlnumskip=\muskip19
\biburlucskip=\muskip20
\biburllcskip=\muskip21
\c@smartand=\count481
)
Package biblatex Info: Trying to load bibliography style 'authoryear'...
Package biblatex Info: ... file 'authoryear.bbx' found.

(/usr/share/texlive/texmf-dist/tex/latex/biblatex/bbx/authoryear.bbx
File: authoryear.bbx 2023/03/05 v3.19 biblatex bibliography style (PK/MW)
Package biblatex Info: Trying to load bibliography style 'standard'...
Package biblatex Info: ... file 'standard.bbx' found.

(/usr/share/texlive/texmf-dist/tex/latex/biblatex/bbx/standard.bbx
File: standard.bbx 2023/03/05 v3.19 biblatex bibliography style (PK/MW)
\c@bbx:relatedcount=\count482
\c@bbx:relatedtotal=\count483
))
Package biblatex Info: Trying to load citation style 'authoryear'...
Package biblatex Info: ... file 'authoryear.cbx' found.

(/usr/share/texlive/texmf-dist/tex/latex/biblatex/cbx/authoryear.cbx
File: authoryear.cbx 2023/03/05 v3.19 biblatex citation style (PK/MW)
Package biblatex Info: Redefining '\cite'.
Package biblatex Info: Redefining '\parencite'.
Package biblatex Info: Redefining '\footcite'.
Package biblatex Info: Redefining '\footcitetext'.
Package biblatex Info: Redefining '\smartcite'.
Package biblatex Info: Redefining '\textcite'.
Package biblatex Info: Redefining '\textcites'.
)
Package biblatex Info: Trying to load configuration file...
Package biblatex Info: ... file 'biblatex.cfg' found.

(/usr/share/texlive/texmf-dist/tex/latex/biblatex/biblatex.cfg
File: biblatex.cfg 
)
Package biblatex Info: Input encoding 'utf8' detected.
Package biblatex Info: Document encoding is UTF8 ....

(/usr/share/texlive/texmf-dist/tex/latex/l3kernel/expl3.sty
Package: expl3 2024-01-22 L3 programming layer (loader) 

(/usr/share/texlive/texmf-dist/tex/latex/l3backend/l3backend-pdftex.def
File: l3backend-pdftex.def 2024-01-04 L3 backend support: PDF output (pdfTeX)
\l__color_backend_stack_int=\count484
\l__pdf_internal_box=\box83
))
Package biblatex Info: ... and expl3
(biblatex)             2024-01-22 L3 programming layer (loader) 
(biblatex)             is new enough (at least 2020/04/06),
(biblatex)             setting 'casechanger=expl3'.

(/usr/share/texlive/texmf-dist/tex/latex/biblatex/blx-case-expl3.sty
(/usr/share/texlive/texmf-dist/tex/latex/l3packages/xparse/xparse.sty
Package: xparse 2023-10-10 L3 Experimental document command parser
)
Package: blx-case-expl3 2023/03/05 v3.19 expl3 case changing code for biblatex
))
(/usr/share/texlive/texmf-dist/tex/latex/textpos/textpos.sty
Package: textpos 2022/07/23 v1.10.1
Package textpos Info: choosing support for LaTeX3 on input line 60.
\TP@textbox=\box84
\TP@holdbox=\box85
\TPHorizModule=\dimen333
\TPVertModule=\dimen334
\TP@margin=\dimen335
\TP@absmargin=\dimen336

Grid set 16 x 16 = 22.7622pt x 17.07166pt
\TPboxrulesize=\dimen337
\TP@ox=\dimen338
\TP@oy=\dimen339
\TP@tbargs=\toks52
TextBlockOrigin set to 0pt x 0pt
) (/usr/share/texlive/texmf-dist/tex/latex/fontawesome5/fontawesome5.sty
Package: fontawesome5 2022/05/02 v5.15.4 Font Awesome 5

(/usr/share/texlive/texmf-dist/tex/latex/l3packages/l3keys2e/l3keys2e.sty
Package: l3keys2e 2023-10-10 LaTeX2e option processing using LaTeX3 keys
)
(/usr/share/texlive/texmf-dist/tex/latex/fontawesome5/fontawesome5-generic-help
er.sty
Package: fontawesome5-generic-helper 2022/05/02 v5.15.4 non-uTeX helper for fon
tawesome5

(/usr/share/texlive/texmf-dist/tex/latex/fontawesome5/fontawesome5-mapping.def)
)) (/usr/share/texlive/texmf-dist/tex/latex/algorithms/algorithm.sty
Package: algorithm 2009/08/24 v0.1 Document Style `algorithm' - floating enviro
nment

(/usr/share/texlive/texmf-dist/tex/latex/float/float.sty
Package: float 2001/11/08 v1.3d Float enhancements (AL)
\c@float@type=\count485
\float@exts=\toks53
\float@box=\box86
\@float@everytoks=\toks54
\@floatcapt=\box87
)
\@float@every@algorithm=\toks55
\c@algorithm=\count486
)
(/usr/share/texlive/texmf-dist/tex/latex/algorithms/algorithmic.sty
Package: algorithmic 2009/08/24 v0.1 Document Style `algorithmic'
\c@ALC@unique=\count487
\c@ALC@line=\count488
\c@ALC@rem=\count489
\c@ALC@depth=\count490
\ALC@tlm=\skip104
\algorithmicindent=\skip105
)
(/usr/share/texlive/texmf-dist/tex/latex/adjustbox/adjustbox.sty
Package: adjustbox 2022/10/17 v1.3a Adjusting TeX boxes (trim, clip, ...)

(/usr/share/texlive/texmf-dist/tex/latex/xkeyval/xkeyval.sty
Package: xkeyval 2022/06/16 v2.9 package option processing (HA)

(/usr/share/texlive/texmf-dist/tex/generic/xkeyval/xkeyval.tex
(/usr/share/texlive/texmf-dist/tex/generic/xkeyval/xkvutils.tex
\XKV@toks=\toks56
\XKV@tempa@toks=\toks57
)
\XKV@depth=\count491
File: xkeyval.tex 2014/12/03 v2.7a key=value parser (HA)
))
(/usr/share/texlive/texmf-dist/tex/latex/adjustbox/adjcalc.sty
Package: adjcalc 2012/05/16 v1.1 Provides advanced setlength with multiple back
-ends (calc, etex, pgfmath)
)
(/usr/share/texlive/texmf-dist/tex/latex/adjustbox/trimclip.sty
Package: trimclip 2020/08/19 v1.2 Trim and clip general TeX material

(/usr/share/texlive/texmf-dist/tex/latex/collectbox/collectbox.sty
Package: collectbox 2022/10/17 v0.4c Collect macro arguments as boxes
\collectedbox=\box88
)
\tc@llx=\dimen340
\tc@lly=\dimen341
\tc@urx=\dimen342
\tc@ury=\dimen343
Package trimclip Info: Using driver 'tc-pdftex.def'.

(/usr/share/texlive/texmf-dist/tex/latex/adjustbox/tc-pdftex.def
File: tc-pdftex.def 2019/01/04 v2.2 Clipping driver for pdftex
))
\adjbox@Width=\dimen344
\adjbox@Height=\dimen345
\adjbox@Depth=\dimen346
\adjbox@Totalheight=\dimen347
\adjbox@pwidth=\dimen348
\adjbox@pheight=\dimen349
\adjbox@pdepth=\dimen350
\adjbox@ptotalheight=\dimen351

(/usr/share/texlive/texmf-dist/tex/latex/ifoddpage/ifoddpage.sty
Package: ifoddpage 2022/10/18 v1.2 Conditionals for odd/even page detection
\c@checkoddpage=\count492
)
(/usr/share/texlive/texmf-dist/tex/latex/varwidth/varwidth.sty
Package: varwidth 2009/03/30 ver 0.92;  Variable-width minipages
\@vwid@box=\box89
\sift@deathcycles=\count493
\@vwid@loff=\dimen352
\@vwid@roff=\dimen353
))
(/usr/share/texlive/texmf-dist/tex/generic/pgf/frontendlayer/tikz/libraries/tik
zlibrarypositioning.code.tex
File: tikzlibrarypositioning.code.tex 2023-01-15 v3.1.10 (3.1.10)
)
(/usr/share/texlive/texmf-dist/tex/generic/pgf/frontendlayer/tikz/libraries/tik
zlibrarycalc.code.tex
File: tikzlibrarycalc.code.tex 2023-01-15 v3.1.10 (3.1.10)
)
(/usr/share/texlive/texmf-dist/tex/generic/pgf/frontendlayer/tikz/libraries/tik
zlibraryshapes.arrows.code.tex
File: tikzlibraryshapes.arrows.code.tex 2023-01-15 v3.1.10 (3.1.10)

(/usr/share/texlive/texmf-dist/tex/generic/pgf/libraries/shapes/pgflibraryshape
s.arrows.code.tex
File: pgflibraryshapes.arrows.code.tex 2023-01-15 v3.1.10 (3.1.10)
))
(/usr/share/texlive/texmf-dist/tex/generic/pgf/frontendlayer/tikz/libraries/tik
zlibrarydecorations.pathreplacing.code.tex
(/usr/share/texlive/texmf-dist/tex/generic/pgf/frontendlayer/tikz/libraries/tik
zlibrarydecorations.code.tex
(/usr/share/texlive/texmf-dist/tex/generic/pgf/modules/pgfmoduledecorations.cod
e.tex
\pgfdecoratedcompleteddistance=\dimen354
\pgfdecoratedremainingdistance=\dimen355
\pgfdecoratedinputsegmentcompleteddistance=\dimen356
\pgfdecoratedinputsegmentremainingdistance=\dimen357
\pgf@decorate@distancetomove=\dimen358
\pgf@decorate@repeatstate=\count494
\pgfdecorationsegmentamplitude=\dimen359
\pgfdecorationsegmentlength=\dimen360
)
\tikz@lib@dec@box=\box90
)
(/usr/share/texlive/texmf-dist/tex/generic/pgf/libraries/decorations/pgflibrary
decorations.pathreplacing.code.tex))
(/usr/share/texlive/texmf-dist/tex/generic/pgf/frontendlayer/tikz/libraries/tik
zlibrarydecorations.text.code.tex
(/usr/share/texlive/texmf-dist/tex/generic/pgf/libraries/decorations/pgflibrary
decorations.text.code.tex
\pgf@lib@dec@text@box=\box91
)
\tikz@lib@dec@te@box=\box92
)
(/home/hicham/PycharmProjects/comite-de-suivi/template_mod.tex
(/usr/share/texlive/texmf-dist/tex/latex/totcount/totcount.sty
Package: totcount 2011/01/25 v1.2 package for gettingthe total value of LaTeX c
ounters
)
\c@totalsection=\count495
\c@totalsection@totc=\count496

(/usr/share/texlive/texmf-dist/tex/latex/tabto-ltx/tabto.sty
Package: tabto 2018/12/28  v 1.4  Another tabbing mechanism
\CurrentLineWidth=\dimen361
\TabPrevPos=\dimen362
))
(/home/hicham/PycharmProjects/comite-de-suivi/title.tex)
\@quotelevel=\count497
\@quotereset=\count498

(/home/hicham/PycharmProjects/comite-de-suivi/main.aux)
\openout1 = `main.aux'.

LaTeX Font Info:    Checking defaults for OML/cmm/m/it on input line 41.
LaTeX Font Info:    ... okay on input line 41.
LaTeX Font Info:    Checking defaults for OMS/cmsy/m/n on input line 41.
LaTeX Font Info:    ... okay on input line 41.
LaTeX Font Info:    Checking defaults for OT1/cmr/m/n on input line 41.
LaTeX Font Info:    ... okay on input line 41.
LaTeX Font Info:    Checking defaults for T1/cmr/m/n on input line 41.
LaTeX Font Info:    ... okay on input line 41.
LaTeX Font Info:    Checking defaults for TS1/cmr/m/n on input line 41.
LaTeX Font Info:    ... okay on input line 41.
LaTeX Font Info:    Checking defaults for OMX/cmex/m/n on input line 41.
LaTeX Font Info:    ... okay on input line 41.
LaTeX Font Info:    Checking defaults for U/cmr/m/n on input line 41.
LaTeX Font Info:    ... okay on input line 41.
LaTeX Font Info:    Checking defaults for PD1/pdf/m/n on input line 41.
LaTeX Font Info:    ... okay on input line 41.
LaTeX Font Info:    Checking defaults for PU/pdf/m/n on input line 41.
LaTeX Font Info:    ... okay on input line 41.

*geometry* driver: auto-detecting
*geometry* detected driver: pdftex
*geometry* verbose mode - [ preamble ] result:
* driver: pdftex
* paper: custom
* layout: <same size as paper>
* layoutoffset:(h,v)=(0.0pt,0.0pt)
* modes: includehead includefoot 
* h-part:(L,W,R)=(28.45274pt, 307.28987pt, 28.45274pt)
* v-part:(T,H,B)=(0.0pt, 273.14662pt, 0.0pt)
* \paperwidth=364.19536pt
* \paperheight=273.14662pt
* \textwidth=307.28987pt
* \textheight=244.6939pt
* \oddsidemargin=-43.81725pt
* \evensidemargin=-43.81725pt
* \topmargin=-72.26999pt
* \headheight=14.22636pt
* \headsep=0.0pt
* \topskip=9.0pt
* \footskip=14.22636pt
* \marginparwidth=4.0pt
* \marginparsep=10.0pt
* \columnsep=10.0pt
* \skip\footins=7.0pt plus 4.0pt minus 2.0pt
* \hoffset=0.0pt
* \voffset=0.0pt
* \mag=1000
* \@twocolumnfalse
* \@twosidefalse
* \@mparswitchfalse
* \@reversemarginfalse
* (1in=72.27pt=25.4mm, 1cm=28.453pt)

(/usr/share/texlive/texmf-dist/tex/context/base/mkii/supp-pdf.mkii
[Loading MPS to PDF converter (version 2006.09.02).]
\scratchcounter=\count499
\scratchdimen=\dimen363
\scratchbox=\box93
\nofMPsegments=\count500
\nofMParguments=\count501
\everyMPshowfont=\toks58
\MPscratchCnt=\count502
\MPscratchDim=\dimen364
\MPnumerator=\count503
\makeMPintoPDFobject=\count504
\everyMPtoPDFconversion=\toks59
) (/usr/share/texlive/texmf-dist/tex/latex/epstopdf-pkg/epstopdf-base.sty
Package: epstopdf-base 2020-01-24 v2.11 Base part for package epstopdf
Package epstopdf-base Info: Redefining graphics rule for `.eps' on input line 4
85.

(/usr/share/texlive/texmf-dist/tex/latex/latexconfig/epstopdf-sys.cfg
File: epstopdf-sys.cfg 2010/07/13 v1.3 Configuration of (r)epstopdf for TeX Liv
e
))
Package hyperref Info: Link coloring OFF on input line 41.

(/home/hicham/PycharmProjects/comite-de-suivi/main.out)
(/home/hicham/PycharmProjects/comite-de-suivi/main.out)
\@outlinefile=\write6
\openout6 = `main.out'.

LaTeX Font Info:    Overwriting symbol font `operators' in version `normal'
(Font)                  OT1/cmr/m/n --> OT1/cmss/m/n on input line 41.
LaTeX Font Info:    Overwriting symbol font `operators' in version `bold'
(Font)                  OT1/cmr/bx/n --> OT1/cmss/b/n on input line 41.
\symnumbers=\mathgroup6
\sympureletters=\mathgroup7
LaTeX Font Info:    Overwriting math alphabet `\mathrm' in version `normal'
(Font)                  OT1/cmss/m/n --> OT1/cmr/m/n on input line 41.
LaTeX Font Info:    Redeclaring math alphabet \mathbf on input line 41.
LaTeX Font Info:    Overwriting math alphabet `\mathbf' in version `normal'
(Font)                  OT1/cmr/bx/n --> OT1/cmss/b/n on input line 41.
LaTeX Font Info:    Overwriting math alphabet `\mathbf' in version `bold'
(Font)                  OT1/cmr/bx/n --> OT1/cmss/b/n on input line 41.
LaTeX Font Info:    Redeclaring math alphabet \mathsf on input line 41.
LaTeX Font Info:    Overwriting math alphabet `\mathsf' in version `normal'
(Font)                  OT1/cmss/m/n --> OT1/cmss/m/n on input line 41.
LaTeX Font Info:    Overwriting math alphabet `\mathsf' in version `bold'
(Font)                  OT1/cmss/bx/n --> OT1/cmss/m/n on input line 41.
LaTeX Font Info:    Redeclaring math alphabet \mathit on input line 41.
LaTeX Font Info:    Overwriting math alphabet `\mathit' in version `normal'
(Font)                  OT1/cmr/m/it --> OT1/cmss/m/it on input line 41.
LaTeX Font Info:    Overwriting math alphabet `\mathit' in version `bold'
(Font)                  OT1/cmr/bx/it --> OT1/cmss/m/it on input line 41.
LaTeX Font Info:    Redeclaring math alphabet \mathtt on input line 41.
LaTeX Font Info:    Overwriting math alphabet `\mathtt' in version `normal'
(Font)                  OT1/cmtt/m/n --> OT1/cmtt/m/n on input line 41.
LaTeX Font Info:    Overwriting math alphabet `\mathtt' in version `bold'
(Font)                  OT1/cmtt/m/n --> OT1/cmtt/m/n on input line 41.
LaTeX Font Info:    Overwriting symbol font `numbers' in version `bold'
(Font)                  OT1/cmss/m/n --> OT1/cmss/b/n on input line 41.
LaTeX Font Info:    Overwriting symbol font `pureletters' in version `bold'
(Font)                  OT1/cmss/m/it --> OT1/cmss/b/it on input line 41.
LaTeX Font Info:    Overwriting math alphabet `\mathrm' in version `bold'
(Font)                  OT1/cmss/b/n --> OT1/cmr/b/n on input line 41.
LaTeX Font Info:    Overwriting math alphabet `\mathbf' in version `bold'
(Font)                  OT1/cmss/b/n --> OT1/cmss/b/n on input line 41.
LaTeX Font Info:    Overwriting math alphabet `\mathsf' in version `bold'
(Font)                  OT1/cmss/m/n --> OT1/cmss/b/n on input line 41.
LaTeX Font Info:    Overwriting math alphabet `\mathit' in version `bold'
(Font)                  OT1/cmss/m/it --> OT1/cmss/b/it on input line 41.
LaTeX Font Info:    Overwriting math alphabet `\mathtt' in version `bold'
(Font)                  OT1/cmtt/m/n --> OT1/cmtt/b/n on input line 41.
LaTeX Font Info:    Redeclaring symbol font `pureletters' on input line 41.
LaTeX Font Info:    Overwriting symbol font `pureletters' in version `normal'
(Font)                  OT1/cmss/m/it --> OT1/mathkerncmss/m/sl on input line 4
1.
LaTeX Font Info:    Overwriting symbol font `pureletters' in version `bold'
(Font)                  OT1/cmss/b/it --> OT1/mathkerncmss/m/sl on input line 4
1.
LaTeX Font Info:    Overwriting symbol font `pureletters' in version `bold'
(Font)                  OT1/mathkerncmss/m/sl --> OT1/mathkerncmss/bx/sl on inp
ut line 41.

(/usr/share/texlive/texmf-dist/tex/latex/translator/translator-basic-dictionary
-English.dict
Dictionary: translator-basic-dictionary, Language: English 
)
(/usr/share/texlive/texmf-dist/tex/latex/translator/translator-bibliography-dic
tionary-English.dict
Dictionary: translator-bibliography-dictionary, Language: English 
)
(/usr/share/texlive/texmf-dist/tex/latex/translator/translator-environment-dict
ionary-English.dict
Dictionary: translator-environment-dictionary, Language: English 
)
(/usr/share/texlive/texmf-dist/tex/latex/translator/translator-months-dictionar
y-English.dict
Dictionary: translator-months-dictionary, Language: English 
)
(/usr/share/texlive/texmf-dist/tex/latex/translator/translator-numbers-dictiona
ry-English.dict
Dictionary: translator-numbers-dictionary, Language: English 
)
(/usr/share/texlive/texmf-dist/tex/latex/translator/translator-theorem-dictiona
ry-English.dict
Dictionary: translator-theorem-dictionary, Language: English 
)
Package caption Info: Begin \AtBeginDocument code.
Package caption Info: float package is loaded.
Package caption Info: End \AtBeginDocument code.
Package biblatex Info: Trying to load language 'english'...
Package biblatex Info: ... file 'english.lbx' found.

(/usr/share/texlive/texmf-dist/tex/latex/biblatex/lbx/english.lbx
File: english.lbx 2023/03/05 v3.19 biblatex localization (PK/MW)
)
Package biblatex Info: Input encoding 'utf8' detected.
Package biblatex Info: Automatic encoding selection.
(biblatex)             Assuming data encoding 'utf8'.
\openout5 = `main.bcf'.

Package biblatex Info: Trying to load bibliographic data...
Package biblatex Info: ... file 'main.bbl' found.

(/home/hicham/PycharmProjects/comite-de-suivi/main.bbl)
Package biblatex Info: Reference section=0 on input line 41.
Package biblatex Info: Reference segment=0 on input line 41.

Yes, prepending was successful
(/home/hicham/PycharmProjects/comite-de-suivi/main.nav)
Section
0
Tot section
\c@totalsection@totc 
Section
0
Tot section
\c@totalsection@totc 
<Figures/cose_left.png, id=15, 192.72pt x 72.27pt>
File: Figures/cose_left.png Graphic file (type png)
<use Figures/cose_left.png>
Package pdftex.def Info: Figures/cose_left.png  used on input line 45.
(pdftex.def)             Requested size: 56.9055pt x 21.33931pt.
<Figures/l2ti.png, id=17, 597.23125pt x 377.41pt>
File: Figures/l2ti.png Graphic file (type png)
<use Figures/l2ti.png>
Package pdftex.def Info: Figures/l2ti.png  used on input line 45.
(pdftex.def)             Requested size: 42.67912pt x 26.96848pt.
<./Figures/logo_USPN.png, id=18, 569.12625pt x 268.00125pt>
File: ./Figures/logo_USPN.png Graphic file (type png)
<use ./Figures/logo_USPN.png>
Package pdftex.def Info: ./Figures/logo_USPN.png  used on input line 45.
(pdftex.def)             Requested size: 56.9055pt x 26.7935pt.

Overfull \vbox (216.16953pt too high) detected at line 45
 []


Overfull \vbox (10.92494pt too high) detected at line 45
 []

[1

{/var/lib/texmf/fonts/map/pdftex/updmap/pdftex.map} </home/hicham/PycharmProjec
ts/comite-de-suivi/Figures/cose_left.png> </home/hicham/PycharmProjects/comite-
de-suivi/Figures/l2ti.png> </home/hicham/PycharmProjects/comite-de-suivi/./Figu
res/logo_USPN.png>]
(/home/hicham/PycharmProjects/comite-de-suivi/Frames/toc.tex
Section
0
Tot section
\c@totalsection@totc 
(/home/hicham/PycharmProjects/comite-de-suivi/main.toc)
Section
0
Tot section
\c@totalsection@totc 
[2

]) (/home/hicham/PycharmProjects/comite-de-suivi/Frames/frame_od.tex
Section
1
Tot section
\c@totalsection@totc 
LaTeX Font Info:    Trying to load font information for U+msa on input line 65.

(/usr/share/texlive/texmf-dist/tex/latex/amsfonts/umsa.fd
File: umsa.fd 2013/01/14 v3.01 AMS symbols A
)
LaTeX Font Info:    Trying to load font information for U+msb on input line 65.


(/usr/share/texlive/texmf-dist/tex/latex/amsfonts/umsb.fd
File: umsb.fd 2013/01/14 v3.01 AMS symbols B
)
LaTeX Font Info:    Trying to load font information for OT1+mathkerncmss on inp
ut line 65.

(/usr/share/texlive/texmf-dist/tex/latex/sansmathaccent/ot1mathkerncmss.fd
File: ot1mathkerncmss.fd 2020/01/31 Fontinst v1.933 font definitions for OT1/ma
thkerncmss.
)
<Figures/P0770.jpg, id=52, 1616.0375pt x 1363.0925pt>
File: Figures/P0770.jpg Graphic file (type jpg)
<use Figures/P0770.jpg>
Package pdftex.def Info: Figures/P0770.jpg  used on input line 65.
(pdftex.def)             Requested size: 85.35826pt x 71.98564pt.

Section
1
Tot section
\c@totalsection@totc 
[3

 </home/hicham/PycharmProjects/comite-de-suivi/Figures/P0770.jpg>]
File: Figures/P0770.jpg Graphic file (type jpg)
<use Figures/P0770.jpg>
Package pdftex.def Info: Figures/P0770.jpg  used on input line 65.
(pdftex.def)             Requested size: 85.35826pt x 71.98564pt.

Section
1
Tot section
\c@totalsection@totc 
[4

]
File: Figures/P0770.jpg Graphic file (type jpg)
<use Figures/P0770.jpg>
Package pdftex.def Info: Figures/P0770.jpg  used on input line 65.
(pdftex.def)             Requested size: 85.35826pt x 71.98564pt.

Section
1
Tot section
\c@totalsection@totc 
[5

]
File: Figures/P0770.jpg Graphic file (type jpg)
<use Figures/P0770.jpg>
Package pdftex.def Info: Figures/P0770.jpg  used on input line 65.
(pdftex.def)             Requested size: 85.35826pt x 71.98564pt.

Section
1
Tot section
\c@totalsection@totc 
[6

]
File: Figures/P0770.jpg Graphic file (type jpg)
<use Figures/P0770.jpg>
Package pdftex.def Info: Figures/P0770.jpg  used on input line 65.
(pdftex.def)             Requested size: 85.35826pt x 71.98564pt.
File: Figures/P0770.jpg Graphic file (type jpg)
<use Figures/P0770.jpg>
Package pdftex.def Info: Figures/P0770.jpg  used on input line 65.
(pdftex.def)             Requested size: 85.35826pt x 71.98564pt.

Section
1
Tot section
\c@totalsection@totc 
[7

]) (/home/hicham/PycharmProjects/comite-de-suivi/Frames/frame_fsod.tex
Section
2
Tot section
\c@totalsection@totc 
File: Figures/P0770.jpg Graphic file (type jpg)
<use Figures/P0770.jpg>
Package pdftex.def Info: Figures/P0770.jpg  used on input line 72.
(pdftex.def)             Requested size: 85.35826pt x 71.98564pt.
Section
2
Tot section
\c@totalsection@totc 
[8

]
File: Figures/P0770.jpg Graphic file (type jpg)
<use Figures/P0770.jpg>
Package pdftex.def Info: Figures/P0770.jpg  used on input line 72.
(pdftex.def)             Requested size: 85.35826pt x 71.98564pt.

Section
2
Tot section
\c@totalsection@totc 
[9

]
File: Figures/P0770.jpg Graphic file (type jpg)
<use Figures/P0770.jpg>
Package pdftex.def Info: Figures/P0770.jpg  used on input line 72.
(pdftex.def)             Requested size: 85.35826pt x 71.98564pt.
<Figures/P0131.jpg, id=107, 1541.76pt x 1284.8pt>
File: Figures/P0131.jpg Graphic file (type jpg)
<use Figures/P0131.jpg>
Package pdftex.def Info: Figures/P0131.jpg  used on input line 72.
(pdftex.def)             Requested size: 42.67912pt x 35.56245pt.
<Figures/P0168.jpg, id=108, 2312.64pt x 1798.72pt>
File: Figures/P0168.jpg Graphic file (type jpg)
<use Figures/P0168.jpg>
Package pdftex.def Info: Figures/P0168.jpg  used on input line 72.
(pdftex.def)             Requested size: 42.67912pt x 33.18248pt.
<Figures/P0352.jpg, id=109, 1408.26125pt x 1270.7475pt>
File: Figures/P0352.jpg Graphic file (type jpg)
<use Figures/P0352.jpg>
Package pdftex.def Info: Figures/P0352.jpg  used on input line 72.
(pdftex.def)             Requested size: 42.67912pt x 38.50858pt.

Section
2
Tot section
\c@totalsection@totc 
[10

 </home/hicham/PycharmProjects/comite-de-suivi/Figures/P0131.jpg> </home/hicham
/PycharmProjects/comite-de-suivi/Figures/P0168.jpg> </home/hicham/PycharmProjec
ts/comite-de-suivi/Figures/P0352.jpg>]
File: Figures/P0770.jpg Graphic file (type jpg)
<use Figures/P0770.jpg>
Package pdftex.def Info: Figures/P0770.jpg  used on input line 72.
(pdftex.def)             Requested size: 85.35826pt x 71.98564pt.
File: Figures/P0131.jpg Graphic file (type jpg)
<use Figures/P0131.jpg>
Package pdftex.def Info: Figures/P0131.jpg  used on input line 72.
(pdftex.def)             Requested size: 42.67912pt x 35.56245pt.
File: Figures/P0168.jpg Graphic file (type jpg)
<use Figures/P0168.jpg>
Package pdftex.def Info: Figures/P0168.jpg  used on input line 72.
(pdftex.def)             Requested size: 42.67912pt x 33.18248pt.
File: Figures/P0352.jpg Graphic file (type jpg)
<use Figures/P0352.jpg>
Package pdftex.def Info: Figures/P0352.jpg  used on input line 72.
(pdftex.def)             Requested size: 42.67912pt x 38.50858pt.

Section
2
Tot section
\c@totalsection@totc 
[11

]
File: Figures/P0770.jpg Graphic file (type jpg)
<use Figures/P0770.jpg>
Package pdftex.def Info: Figures/P0770.jpg  used on input line 72.
(pdftex.def)             Requested size: 85.35826pt x 71.98564pt.
File: Figures/P0131.jpg Graphic file (type jpg)
<use Figures/P0131.jpg>
Package pdftex.def Info: Figures/P0131.jpg  used on input line 72.
(pdftex.def)             Requested size: 42.67912pt x 35.56245pt.
File: Figures/P0168.jpg Graphic file (type jpg)
<use Figures/P0168.jpg>
Package pdftex.def Info: Figures/P0168.jpg  used on input line 72.
(pdftex.def)             Requested size: 42.67912pt x 33.18248pt.
File: Figures/P0352.jpg Graphic file (type jpg)
<use Figures/P0352.jpg>
Package pdftex.def Info: Figures/P0352.jpg  used on input line 72.
(pdftex.def)             Requested size: 42.67912pt x 38.50858pt.
File: Figures/P0770.jpg Graphic file (type jpg)
<use Figures/P0770.jpg>
Package pdftex.def Info: Figures/P0770.jpg  used on input line 72.
(pdftex.def)             Requested size: 85.35826pt x 71.98564pt.

Section
2
Tot section
\c@totalsection@totc 
[12

])
(/home/hicham/PycharmProjects/comite-de-suivi/Frames/frame_smallobjects.tex
Section
3
Tot section
\c@totalsection@totc 
<Figures/object_sizes.png, id=129, 971.3088pt x 546.843pt>
File: Figures/object_sizes.png Graphic file (type png)
<use Figures/object_sizes.png>
Package pdftex.def Info: Figures/object_sizes.png  used on input line 17.
(pdftex.def)             Requested size: 245.83282pt x 138.39592pt.

Overfull \vbox (10.40062pt too high) detected at line 17
 []

Section
3
Tot section
\c@totalsection@totc 
[13

 </home/hicham/PycharmProjects/comite-de-suivi/Figures/object_sizes.png>])
(/home/hicham/PycharmProjects/comite-de-suivi/Frames/frame_smoanalysis.tex
Section
3
Tot section
\c@totalsection@totc 
<Figures/dataset_comparison.png, id=149, 937.5828pt x 645.612pt>
File: Figures/dataset_comparison.png Graphic file (type png)
<use Figures/dataset_comparison.png>
Package pdftex.def Info: Figures/dataset_comparison.png  used on input line 13.

(pdftex.def)             Requested size: 245.83282pt x 169.27373pt.

Overfull \vbox (11.0435pt too high) detected at line 13
 []

Section
3
Tot section
\c@totalsection@totc 
[14

 </home/hicham/PycharmProjects/comite-de-suivi/Figures/dataset_comparison.png>]

Section
3
Tot section
\c@totalsection@totc 
<Figures/performance_comparison.png, id=161, 1216.0632pt x 790.152pt>
File: Figures/performance_comparison.png Graphic file (type png)
<use Figures/performance_comparison.png>
Package pdftex.def Info: Figures/performance_comparison.png  used on input line
 23.
(pdftex.def)             Requested size: 261.19826pt x 169.71057pt.

Overfull \vbox (11.48035pt too high) detected at line 23
 []

Section
3
Tot section
\c@totalsection@totc 
[15

 </home/hicham/PycharmProjects/comite-de-suivi/Figures/performance_comparison.p
ng>]) (/home/hicham/PycharmProjects/comite-de-suivi/Frames/frame_cdfsod.tex
Section
3
Tot section
\c@totalsection@totc 
<Figures/cross_domain_1.png, id=172, 1305.87875pt x 898.35625pt>
File: Figures/cross_domain_1.png Graphic file (type png)
<use Figures/cross_domain_1.png>
Package pdftex.def Info: Figures/cross_domain_1.png  used on input line 37.
(pdftex.def)             Requested size: 184.3758pt x 126.82451pt.
Section
3
Tot section
\c@totalsection@totc 
[16

 </home/hicham/PycharmProjects/comite-de-suivi/Figures/cross_domain_1.png>]
<Figures/cross_domain_2.png, id=183, 1305.87875pt x 898.35625pt>
File: Figures/cross_domain_2.png Graphic file (type png)
<use Figures/cross_domain_2.png>
Package pdftex.def Info: Figures/cross_domain_2.png  used on input line 37.
(pdftex.def)             Requested size: 184.3758pt x 126.82451pt.

Section
3
Tot section
\c@totalsection@totc 
[17

 </home/hicham/PycharmProjects/comite-de-suivi/Figures/cross_domain_2.png>]
<Figures/cross_domain_3.png, id=191, 1305.87875pt x 898.35625pt>
File: Figures/cross_domain_3.png Graphic file (type png)
<use Figures/cross_domain_3.png>
Package pdftex.def Info: Figures/cross_domain_3.png  used on input line 37.
(pdftex.def)             Requested size: 184.3758pt x 126.82451pt.

Section
3
Tot section
\c@totalsection@totc 
[18

 </home/hicham/PycharmProjects/comite-de-suivi/Figures/cross_domain_3.png>]
<Figures/cross_domain_4.png, id=199, 1305.87875pt x 898.35625pt>
File: Figures/cross_domain_4.png Graphic file (type png)
<use Figures/cross_domain_4.png>
Package pdftex.def Info: Figures/cross_domain_4.png  used on input line 37.
(pdftex.def)             Requested size: 184.3758pt x 126.82451pt.

Section
3
Tot section
\c@totalsection@totc 
[19

 </home/hicham/PycharmProjects/comite-de-suivi/Figures/cross_domain_4.png>]) (/
home/hicham/PycharmProjects/comite-de-suivi/Frames/frame_srcdata.tex
Section
3
Tot section
\c@totalsection@totc 

(/home/hicham/PycharmProjects/comite-de-suivi/Tables/source_dataset_comparison.
tex)
Section
3
Tot section
\c@totalsection@totc 
[20

]) (/home/hicham/PycharmProjects/comite-de-suivi/Frames/frame_embeddings.tex
Section
3
Tot section
\c@totalsection@totc 
File: Figures/cross_domain_1.png Graphic file (type png)
<use Figures/cross_domain_1.png>
Package pdftex.def Info: Figures/cross_domain_1.png  used on input line 24.
(pdftex.def)             Requested size: 184.3758pt x 126.82451pt.
Section
3
Tot section
\c@totalsection@totc 
[21

]
File: Figures/cross_domain_2.png Graphic file (type png)
<use Figures/cross_domain_2.png>
Package pdftex.def Info: Figures/cross_domain_2.png  used on input line 24.
(pdftex.def)             Requested size: 184.3758pt x 126.82451pt.

Section
3
Tot section
\c@totalsection@totc 
[22

]
<Figures/embeddings.png, id=233, 1491.5725pt x 851.18pt>
File: Figures/embeddings.png Graphic file (type png)
<use Figures/embeddings.png>
Package pdftex.def Info: Figures/embeddings.png  used on input line 24.
(pdftex.def)             Requested size: 184.3758pt x 105.21533pt.

Section
3
Tot section
\c@totalsection@totc 
[23

 </home/hicham/PycharmProjects/comite-de-suivi/Figures/embeddings.png>])
(/home/hicham/PycharmProjects/comite-de-suivi/Frames/frame_variances.tex
Section
3
Tot section
\c@totalsection@totc 
<Figures/con_sep.png, id=242, 201.48pt x 130.086pt>
File: Figures/con_sep.png Graphic file (type png)
<use Figures/con_sep.png>
Package pdftex.def Info: Figures/con_sep.png  used on input line 18.
(pdftex.def)             Requested size: 50.36987pt x 32.52141pt.
<Figures/ncon_sep.png, id=243, 374.052pt x 230.388pt>
File: Figures/ncon_sep.png Graphic file (type png)
<use Figures/ncon_sep.png>
Package pdftex.def Info: Figures/ncon_sep.png  used on input line 18.
(pdftex.def)             Requested size: 93.51277pt x 57.59685pt.
<Figures/con_nsep.png, id=244, 159.87pt x 128.334pt>
File: Figures/con_nsep.png Graphic file (type png)
<use Figures/con_nsep.png>
Package pdftex.def Info: Figures/con_nsep.png  used on input line 18.
(pdftex.def)             Requested size: 39.96739pt x 32.08342pt.
<Figures/ncon_nsep.png, id=245, 297.183pt x 213.744pt>
File: Figures/ncon_nsep.png Graphic file (type png)
<use Figures/ncon_nsep.png>
Package pdftex.def Info: Figures/ncon_nsep.png  used on input line 18.
(pdftex.def)             Requested size: 74.29556pt x 53.43587pt.
Section
3
Tot section
\c@totalsection@totc 
[24

 </home/hicham/PycharmProjects/comite-de-suivi/Figures/con_sep.png> </home/hich
am/PycharmProjects/comite-de-suivi/Figures/ncon_sep.png> </home/hicham/PycharmP
rojects/comite-de-suivi/Figures/con_nsep.png> </home/hicham/PycharmProjects/com
ite-de-suivi/Figures/ncon_nsep.png>])
(/home/hicham/PycharmProjects/comite-de-suivi/Frames/frame_representation.tex
Section
3
Tot section
\c@totalsection@totc 
<Figures/deepfruits.png, id=258, 602.7318pt x 587.5551pt>
File: Figures/deepfruits.png Graphic file (type png)
<use Figures/deepfruits.png>
Package pdftex.def Info: Figures/deepfruits.png  used on input line 20.
(pdftex.def)             Requested size: 150.57372pt x 146.78082pt.
<Figures/2d_class_plot.png, id=259, 596.2275pt x 587.5551pt>
File: Figures/2d_class_plot.png Graphic file (type png)
<use Figures/2d_class_plot.png>
Package pdftex.def Info: Figures/2d_class_plot.png  used on input line 20.
(pdftex.def)             Requested size: 150.57372pt x 148.37666pt.
Section
3
Tot section
\c@totalsection@totc 
[25

 </home/hicham/PycharmProjects/comite-de-suivi/Figures/deepfruits.png> </home/h
icham/PycharmProjects/comite-de-suivi/Figures/2d_class_plot.png>])
(/home/hicham/PycharmProjects/comite-de-suivi/Frames/frame_lora.tex
Section
4
Tot section
\c@totalsection@totc 
<Figures/lora_1.png, id=275, 655.44875pt x 522.95375pt>
File: Figures/lora_1.png Graphic file (type png)
<use Figures/lora_1.png>
Package pdftex.def Info: Figures/lora_1.png  used on input line 51.
(pdftex.def)             Requested size: 184.3758pt x 147.10431pt.
Section
4
Tot section
\c@totalsection@totc 
[26

 </home/hicham/PycharmProjects/comite-de-suivi/Figures/lora_1.png>]
<Figures/lora_2.png, id=288, 655.44875pt x 522.95375pt>
File: Figures/lora_2.png Graphic file (type png)
<use Figures/lora_2.png>
Package pdftex.def Info: Figures/lora_2.png  used on input line 51.
(pdftex.def)             Requested size: 184.3758pt x 147.10431pt.

Section
4
Tot section
\c@totalsection@totc 
[27

 </home/hicham/PycharmProjects/comite-de-suivi/Figures/lora_2.png>]
<Figures/lora_3.png, id=296, 655.44875pt x 522.95375pt>
File: Figures/lora_3.png Graphic file (type png)
<use Figures/lora_3.png>
Package pdftex.def Info: Figures/lora_3.png  used on input line 51.
(pdftex.def)             Requested size: 184.3758pt x 147.10431pt.

Section
4
Tot section
\c@totalsection@totc 
[28

 </home/hicham/PycharmProjects/comite-de-suivi/Figures/lora_3.png>]
<Figures/lora_4.png, id=304, 655.44875pt x 522.95375pt>
File: Figures/lora_4.png Graphic file (type png)
<use Figures/lora_4.png>
Package pdftex.def Info: Figures/lora_4.png  used on input line 51.
(pdftex.def)             Requested size: 184.3758pt x 147.10431pt.

Section
4
Tot section
\c@totalsection@totc 
[29

 </home/hicham/PycharmProjects/comite-de-suivi/Figures/lora_4.png>]
<Figures/lora_5.png, id=312, 655.44875pt x 522.95375pt>
File: Figures/lora_5.png Graphic file (type png)
<use Figures/lora_5.png>
Package pdftex.def Info: Figures/lora_5.png  used on input line 51.
(pdftex.def)             Requested size: 184.3758pt x 147.10431pt.

Section
4
Tot section
\c@totalsection@totc 
[30

 </home/hicham/PycharmProjects/comite-de-suivi/Figures/lora_5.png>]
<Figures/lora_6.png, id=320, 656.4525pt x 522.95375pt>
File: Figures/lora_6.png Graphic file (type png)
<use Figures/lora_6.png>
Package pdftex.def Info: Figures/lora_6.png  used on input line 51.
(pdftex.def)             Requested size: 184.3758pt x 146.88089pt.

Section
4
Tot section
\c@totalsection@totc 
[31

 </home/hicham/PycharmProjects/comite-de-suivi/Figures/lora_6.png>])
(/home/hicham/PycharmProjects/comite-de-suivi/Frames/frame_svf.tex
Section
4
Tot section
\c@totalsection@totc 
<Figures/svf.png, id=330, 481.8pt x 424.58624pt>
File: Figures/svf.png Graphic file (type png)
<use Figures/svf.png>
Package pdftex.def Info: Figures/svf.png  used on input line 14.
(pdftex.def)             Requested size: 122.91406pt x 108.31665pt.
Section
4
Tot section
\c@totalsection@totc 
[32

 </home/hicham/PycharmProjects/comite-de-suivi/Figures/svf.png>])
(/home/hicham/PycharmProjects/comite-de-suivi/Frames/frame_loracurves.tex
Section
4
Tot section
\c@totalsection@totc 
<Figures/lora1.png, id=345, 2537.48pt x 1332.98pt>
File: Figures/lora1.png Graphic file (type png)
<use Figures/lora1.png>
Package pdftex.def Info: Figures/lora1.png  used on input line 23.
(pdftex.def)             Requested size: 92.1879pt x 48.40826pt.
<Figures/lora2.png, id=346, 2537.48pt x 1332.98pt>
File: Figures/lora2.png Graphic file (type png)
<use Figures/lora2.png>
Package pdftex.def Info: Figures/lora2.png  used on input line 23.
(pdftex.def)             Requested size: 92.1879pt x 48.40826pt.
<Figures/lora3.png, id=347, 2537.48pt x 1332.98pt>
File: Figures/lora3.png Graphic file (type png)
<use Figures/lora3.png>
Package pdftex.def Info: Figures/lora3.png  used on input line 23.
(pdftex.def)             Requested size: 92.1879pt x 48.40826pt.
<Figures/lora4.png, id=348, 2537.48pt x 1332.98pt>
File: Figures/lora4.png Graphic file (type png)
<use Figures/lora4.png>
Package pdftex.def Info: Figures/lora4.png  used on input line 23.
(pdftex.def)             Requested size: 92.1879pt x 48.40826pt.
<Figures/lora5.png, id=349, 2537.48pt x 1332.98pt>
File: Figures/lora5.png Graphic file (type png)
<use Figures/lora5.png>
Package pdftex.def Info: Figures/lora5.png  used on input line 23.
(pdftex.def)             Requested size: 92.1879pt x 48.40826pt.
Section
4
Tot section
\c@totalsection@totc 
[33

 </home/hicham/PycharmProjects/comite-de-suivi/Figures/lora1.png> </home/hicham
/PycharmProjects/comite-de-suivi/Figures/lora2.png> </home/hicham/PycharmProjec
ts/comite-de-suivi/Figures/lora3.png> </home/hicham/PycharmProjects/comite-de-s
uivi/Figures/lora4.png> </home/hicham/PycharmProjects/comite-de-suivi/Figures/l
ora5.png>])
(/home/hicham/PycharmProjects/comite-de-suivi/Frames/frame_publications.tex
Section
6
Tot section
\c@totalsection@totc 
Section
6
Tot section
\c@totalsection@totc 
[34

]) (/home/hicham/PycharmProjects/comite-de-suivi/Frames/frame_approach.tex
Section
6
Tot section
\c@totalsection@totc 
Section
6
Tot section
\c@totalsection@totc 
[35

]) (/home/hicham/PycharmProjects/comite-de-suivi/Frames/conclusion.tex
Section
7
Tot section
\c@totalsection@totc 
Section
7
Tot section
\c@totalsection@totc 
[36

])
Section
7
Tot section
\c@totalsection@totc 
LaTeX Font Info:    Trying to load font information for U+fontawesomefree2 on i
nput line 108.
(/usr/share/texlive/texmf-dist/tex/latex/fontawesome5/ufontawesomefree2.fd)
LaTeX Font Info:    Trying to load font information for U+fontawesomefree1 on i
nput line 108.

(/usr/share/texlive/texmf-dist/tex/latex/fontawesome5/ufontawesomefree1.fd)
[37

{/usr/share/texlive/texmf-dist/fonts/enc/dvips/fontawesome5/fa5free2.enc}{/usr/
share/texlive/texmf-dist/fonts/enc/dvips/fontawesome5/fa5free1.enc}]
Section
7
Tot section
\c@totalsection@totc 
<beamericonarticle.pdf, id=403, 11.00009pt x 14.0003pt>
File: beamericonarticle.pdf Graphic file (type pdf)
<use beamericonarticle.pdf>
Package pdftex.def Info: beamericonarticle.pdf  used on input line 112.
(pdftex.def)             Requested size: 11.00005pt x 14.00024pt.
File: beamericonarticle.pdf Graphic file (type pdf)
<use beamericonarticle.pdf>
Package pdftex.def Info: beamericonarticle.pdf  used on input line 112.
(pdftex.def)             Requested size: 11.00005pt x 14.00024pt.
File: beamericonarticle.pdf Graphic file (type pdf)
<use beamericonarticle.pdf>
Package pdftex.def Info: beamericonarticle.pdf  used on input line 112.
(pdftex.def)             Requested size: 11.00005pt x 14.00024pt.
File: beamericonarticle.pdf Graphic file (type pdf)
<use beamericonarticle.pdf>
Package pdftex.def Info: beamericonarticle.pdf  used on input line 112.
(pdftex.def)             Requested size: 11.00005pt x 14.00024pt.
File: beamericonarticle.pdf Graphic file (type pdf)
<use beamericonarticle.pdf>
Package pdftex.def Info: beamericonarticle.pdf  used on input line 112.
(pdftex.def)             Requested size: 11.00005pt x 14.00024pt.
File: beamericonarticle.pdf Graphic file (type pdf)
<use beamericonarticle.pdf>
Package pdftex.def Info: beamericonarticle.pdf  used on input line 112.
(pdftex.def)             Requested size: 11.00005pt x 14.00024pt.

LaTeX Font Warning: Font shape `OT1/cmss/m/sc' in size <7> not available
(Font)              Font shape `OT1/cmr/m/sc' tried instead on input line 112.

File: beamericonarticle.pdf Graphic file (type pdf)
<use beamericonarticle.pdf>
Package pdftex.def Info: beamericonarticle.pdf  used on input line 112.
(pdftex.def)             Requested size: 11.00005pt x 14.00024pt.
File: beamericonarticle.pdf Graphic file (type pdf)
<use beamericonarticle.pdf>
Package pdftex.def Info: beamericonarticle.pdf  used on input line 112.
(pdftex.def)             Requested size: 11.00005pt x 14.00024pt.
File: beamericonarticle.pdf Graphic file (type pdf)
<use beamericonarticle.pdf>
Package pdftex.def Info: beamericonarticle.pdf  used on input line 112.
(pdftex.def)             Requested size: 11.00005pt x 14.00024pt.
File: beamericonarticle.pdf Graphic file (type pdf)
<use beamericonarticle.pdf>
Package pdftex.def Info: beamericonarticle.pdf  used on input line 112.
(pdftex.def)             Requested size: 11.00005pt x 14.00024pt.
File: beamericonarticle.pdf Graphic file (type pdf)
<use beamericonarticle.pdf>
Package pdftex.def Info: beamericonarticle.pdf  used on input line 112.
(pdftex.def)             Requested size: 11.00005pt x 14.00024pt.
File: beamericonarticle.pdf Graphic file (type pdf)
<use beamericonarticle.pdf>
Package pdftex.def Info: beamericonarticle.pdf  used on input line 112.
(pdftex.def)             Requested size: 11.00005pt x 14.00024pt.
File: beamericonarticle.pdf Graphic file (type pdf)
<use beamericonarticle.pdf>
Package pdftex.def Info: beamericonarticle.pdf  used on input line 112.
(pdftex.def)             Requested size: 11.00005pt x 14.00024pt.
File: beamericonarticle.pdf Graphic file (type pdf)
<use beamericonarticle.pdf>
Package pdftex.def Info: beamericonarticle.pdf  used on input line 112.
(pdftex.def)             Requested size: 11.00005pt x 14.00024pt.
File: beamericonarticle.pdf Graphic file (type pdf)
<use beamericonarticle.pdf>
Package pdftex.def Info: beamericonarticle.pdf  used on input line 112.
(pdftex.def)             Requested size: 11.00005pt x 14.00024pt.
File: beamericonarticle.pdf Graphic file (type pdf)
<use beamericonarticle.pdf>
Package pdftex.def Info: beamericonarticle.pdf  used on input line 112.
(pdftex.def)             Requested size: 11.00005pt x 14.00024pt.
File: beamericonarticle.pdf Graphic file (type pdf)
<use beamericonarticle.pdf>
Package pdftex.def Info: beamericonarticle.pdf  used on input line 112.
(pdftex.def)             Requested size: 11.00005pt x 14.00024pt.
File: beamericonarticle.pdf Graphic file (type pdf)
<use beamericonarticle.pdf>
Package pdftex.def Info: beamericonarticle.pdf  used on input line 112.
(pdftex.def)             Requested size: 11.00005pt x 14.00024pt.
File: beamericonarticle.pdf Graphic file (type pdf)
<use beamericonarticle.pdf>
Package pdftex.def Info: beamericonarticle.pdf  used on input line 112.
(pdftex.def)             Requested size: 11.00005pt x 14.00024pt.
File: beamericonarticle.pdf Graphic file (type pdf)
<use beamericonarticle.pdf>
Package pdftex.def Info: beamericonarticle.pdf  used on input line 112.
(pdftex.def)             Requested size: 11.00005pt x 14.00024pt.
File: beamericonarticle.pdf Graphic file (type pdf)
<use beamericonarticle.pdf>
Package pdftex.def Info: beamericonarticle.pdf  used on input line 112.
(pdftex.def)             Requested size: 11.00005pt x 14.00024pt.
File: beamericonarticle.pdf Graphic file (type pdf)
<use beamericonarticle.pdf>
Package pdftex.def Info: beamericonarticle.pdf  used on input line 112.
(pdftex.def)             Requested size: 11.00005pt x 14.00024pt.
File: beamericonarticle.pdf Graphic file (type pdf)
<use beamericonarticle.pdf>
Package pdftex.def Info: beamericonarticle.pdf  used on input line 112.
(pdftex.def)             Requested size: 11.00005pt x 14.00024pt.
File: beamericonarticle.pdf Graphic file (type pdf)
<use beamericonarticle.pdf>
Package pdftex.def Info: beamericonarticle.pdf  used on input line 112.
(pdftex.def)             Requested size: 11.00005pt x 14.00024pt.
File: beamericonarticle.pdf Graphic file (type pdf)
<use beamericonarticle.pdf>
Package pdftex.def Info: beamericonarticle.pdf  used on input line 112.
(pdftex.def)             Requested size: 11.00005pt x 14.00024pt.
File: beamericonarticle.pdf Graphic file (type pdf)
<use beamericonarticle.pdf>
Package pdftex.def Info: beamericonarticle.pdf  used on input line 112.
(pdftex.def)             Requested size: 11.00005pt x 14.00024pt.
File: beamericonarticle.pdf Graphic file (type pdf)
<use beamericonarticle.pdf>
Package pdftex.def Info: beamericonarticle.pdf  used on input line 112.
(pdftex.def)             Requested size: 11.00005pt x 14.00024pt.
File: beamericonarticle.pdf Graphic file (type pdf)
<use beamericonarticle.pdf>
Package pdftex.def Info: beamericonarticle.pdf  used on input line 112.
(pdftex.def)             Requested size: 11.00005pt x 14.00024pt.
File: beamericonarticle.pdf Graphic file (type pdf)
<use beamericonarticle.pdf>
Package pdftex.def Info: beamericonarticle.pdf  used on input line 112.
(pdftex.def)             Requested size: 11.00005pt x 14.00024pt.
File: beamericonarticle.pdf Graphic file (type pdf)
<use beamericonarticle.pdf>
Package pdftex.def Info: beamericonarticle.pdf  used on input line 112.
(pdftex.def)             Requested size: 11.00005pt x 14.00024pt.
File: beamericonarticle.pdf Graphic file (type pdf)
<use beamericonarticle.pdf>
Package pdftex.def Info: beamericonarticle.pdf  used on input line 112.
(pdftex.def)             Requested size: 11.00005pt x 14.00024pt.
File: beamericonarticle.pdf Graphic file (type pdf)
<use beamericonarticle.pdf>
Package pdftex.def Info: beamericonarticle.pdf  used on input line 112.
(pdftex.def)             Requested size: 11.00005pt x 14.00024pt.
File: beamericonarticle.pdf Graphic file (type pdf)
<use beamericonarticle.pdf>
Package pdftex.def Info: beamericonarticle.pdf  used on input line 112.
(pdftex.def)             Requested size: 11.00005pt x 14.00024pt.
File: beamericonarticle.pdf Graphic file (type pdf)
<use beamericonarticle.pdf>
Package pdftex.def Info: beamericonarticle.pdf  used on input line 112.
(pdftex.def)             Requested size: 11.00005pt x 14.00024pt.
File: beamericonarticle.pdf Graphic file (type pdf)
<use beamericonarticle.pdf>
Package pdftex.def Info: beamericonarticle.pdf  used on input line 112.
(pdftex.def)             Requested size: 11.00005pt x 14.00024pt.
File: beamericonarticle.pdf Graphic file (type pdf)
<use beamericonarticle.pdf>
Package pdftex.def Info: beamericonarticle.pdf  used on input line 112.
(pdftex.def)             Requested size: 11.00005pt x 14.00024pt.
File: beamericonarticle.pdf Graphic file (type pdf)
<use beamericonarticle.pdf>
Package pdftex.def Info: beamericonarticle.pdf  used on input line 112.
(pdftex.def)             Requested size: 11.00005pt x 14.00024pt.
File: beamericonarticle.pdf Graphic file (type pdf)
<use beamericonarticle.pdf>
Package pdftex.def Info: beamericonarticle.pdf  used on input line 112.
(pdftex.def)             Requested size: 11.00005pt x 14.00024pt.
File: beamericonarticle.pdf Graphic file (type pdf)
<use beamericonarticle.pdf>
Package pdftex.def Info: beamericonarticle.pdf  used on input line 112.
(pdftex.def)             Requested size: 11.00005pt x 14.00024pt.

LaTeX Font Warning: Font shape `OT1/cmss/bx/it' undefined
(Font)              using `OT1/cmss/bx/n' instead on input line 112.

File: beamericonarticle.pdf Graphic file (type pdf)
<use beamericonarticle.pdf>
Package pdftex.def Info: beamericonarticle.pdf  used on input line 112.
(pdftex.def)             Requested size: 11.00005pt x 14.00024pt.
File: beamericonarticle.pdf Graphic file (type pdf)
<use beamericonarticle.pdf>
Package pdftex.def Info: beamericonarticle.pdf  used on input line 112.
(pdftex.def)             Requested size: 11.00005pt x 14.00024pt.
File: beamericonarticle.pdf Graphic file (type pdf)
<use beamericonarticle.pdf>
Package pdftex.def Info: beamericonarticle.pdf  used on input line 112.
(pdftex.def)             Requested size: 11.00005pt x 14.00024pt.
File: beamericonarticle.pdf Graphic file (type pdf)
<use beamericonarticle.pdf>
Package pdftex.def Info: beamericonarticle.pdf  used on input line 112.
(pdftex.def)             Requested size: 11.00005pt x 14.00024pt.
File: beamericonarticle.pdf Graphic file (type pdf)
<use beamericonarticle.pdf>
Package pdftex.def Info: beamericonarticle.pdf  used on input line 112.
(pdftex.def)             Requested size: 11.00005pt x 14.00024pt.
File: beamericonarticle.pdf Graphic file (type pdf)
<use beamericonarticle.pdf>
Package pdftex.def Info: beamericonarticle.pdf  used on input line 112.
(pdftex.def)             Requested size: 11.00005pt x 14.00024pt.
Section
8
Tot section
\c@totalsection@totc 
[38

 </usr/share/texlive/texmf-dist/tex/latex/beamer/beamericonarticle.pdf>]
Section
8
Tot section
\c@totalsection@totc 
[39


]
Section
8
Tot section
\c@totalsection@totc 
[40


]
Section
8
Tot section
\c@totalsection@totc 
[41


]
Section
8
Tot section
\c@totalsection@totc 
[42


]
\tf@nav=\write7
\openout7 = `main.nav'.

\tf@toc=\write8
\openout8 = `main.toc'.

\tf@snm=\write9
\openout9 = `main.snm'.

 (/home/hicham/PycharmProjects/comite-de-suivi/main.aux)
 ***********
LaTeX2e <2023-11-01> patch level 1
L3 programming layer <2024-01-22>
 ***********


LaTeX Font Warning: Some font shapes were not available, defaults substituted.


LaTeX Warning: There were undefined references.

Package rerunfilecheck Info: File `main.out' has not changed.
(rerunfilecheck)             Checksum: D41D8CD98F00B204E9800998ECF8427E;0.

Package biblatex Warning: Please (re)run Biber on the file:
(biblatex)                main
(biblatex)                and rerun LaTeX afterwards.

Package logreq Info: Writing requests to 'main.run.xml'.
\openout1 = `main.run.xml'.

 ) 
Here is how much of TeX's memory you used:
 40871 strings out of 474222
 845701 string characters out of 5748733
 1961975 words of memory out of 5000000
 62171 multiletter control sequences out of 15000+600000
 572504 words of font info for 87 fonts, out of 8000000 for 9000
 1141 hyphenation exceptions out of 8191
 128i,16n,123p,1940b,1870s stack positions out of 10000i,1000n,20000p,200000b,200000s
</usr/share/texlive/texmf-dist/fonts/type1/public/fontawesome5/FontAwesome5Fr
ee-Solid.pfb></usr/share/texlive/texmf-dist/fonts/type1/public/amsfonts/cm/cmcs
c10.pfb></usr/share/texlive/texmf-dist/fonts/type1/public/amsfonts/cm/cmmi8.pfb
></usr/share/texlive/texmf-dist/fonts/type1/public/amsfonts/cm/cmss10.pfb></usr
/share/texlive/texmf-dist/fonts/type1/public/amsfonts/cm/cmss8.pfb></usr/share/
texlive/texmf-dist/fonts/type1/public/amsfonts/cm/cmssbx10.pfb></usr/share/texl
ive/texmf-dist/fonts/type1/public/amsfonts/cm/cmssi8.pfb></usr/share/texlive/te
xmf-dist/fonts/type1/public/amsfonts/cm/cmsy10.pfb></usr/share/texlive/texmf-di
st/fonts/type1/public/amsfonts/cm/cmsy8.pfb></usr/share/texlive/texmf-dist/font
s/type1/public/amsfonts/cm/cmtt8.pfb>
Output written on /home/hicham/PycharmProjects/comite-de-suivi/main.pdf (42 pag
es, 4927617 bytes).
PDF statistics:
 583 PDF objects out of 1000 (max. 8388607)
 413 compressed objects within 5 object streams
 172 named destinations out of 1000 (max. 500000)
 213 words of extra memory for PDF output out of 10000 (max. 10000000)

